TN:
SF:/home/mrodriguezz/Desktop/TPI/MIR/graficar.cpp
FN:7,_Z21graficarRevertirAudiov
FN:38,_Z20graficarLimpiarAudiov
FNDA:0,_Z21graficarRevertirAudiov
FNDA:0,_Z20graficarLimpiarAudiov
FNF:2
FNH:0
DA:7,0
DA:8,0
DA:10,0
DA:11,0
DA:13,0
DA:14,0
DA:15,0
DA:17,0
DA:19,0
DA:20,0
DA:21,0
DA:22,0
DA:23,0
DA:26,0
DA:28,0
DA:29,0
DA:30,0
DA:31,0
DA:32,0
DA:35,0
DA:36,0
DA:38,0
DA:39,0
DA:41,0
DA:43,0
DA:44,0
DA:46,0
DA:47,0
DA:48,0
DA:50,0
DA:52,0
DA:53,0
DA:54,0
DA:55,0
DA:56,0
DA:59,0
DA:60,0
DA:61,0
DA:62,0
DA:63,0
DA:66,0
DA:67,0
LF:42
LH:0
end_of_record
SF:/usr/include/c++/7/bits/alloc_traits.h
FN:435,_ZNSt16allocator_traitsISaIiEE8allocateERS0_m
FN:461,_ZNSt16allocator_traitsISaIiEE10deallocateERS0_Pim
FN:504,_ZNSt16allocator_traitsISaIiEE37select_on_container_copy_constructionERKS0_
FNDA:0,_ZNSt16allocator_traitsISaIiEE8allocateERS0_m
FNDA:0,_ZNSt16allocator_traitsISaIiEE10deallocateERS0_Pim
FNDA:0,_ZNSt16allocator_traitsISaIiEE37select_on_container_copy_constructionERKS0_
FNF:3
FNH:0
DA:435,0
DA:436,0
DA:461,0
DA:462,0
DA:504,0
DA:505,0
LF:6
LH:0
end_of_record
SF:/usr/include/c++/7/bits/allocator.h
FN:131,_ZNSaIiEC2Ev
FN:133,_ZNSaIiEC2ERKS_
FN:139,_ZNSaIiED2Ev
FNDA:0,_ZNSaIiEC2Ev
FNDA:0,_ZNSaIiEC2ERKS_
FNDA:0,_ZNSaIiED2Ev
FNF:3
FNH:0
DA:131,0
DA:133,0
DA:134,0
DA:139,0
LF:4
LH:0
end_of_record
SF:/usr/include/c++/7/bits/cpp_type_traits.h
FN:408,_ZSt12__miter_baseIN9__gnu_cxx17__normal_iteratorIPKiSt6vectorIiSaIiEEEEET_S8_
FNDA:0,_ZSt12__miter_baseIN9__gnu_cxx17__normal_iteratorIPKiSt6vectorIiSaIiEEEEET_S8_
FNF:1
FNH:0
DA:408,0
DA:409,0
LF:2
LH:0
end_of_record
SF:/usr/include/c++/7/bits/ios_base.h
FN:129,_ZStorSt13_Ios_OpenmodeS_
FNDA:0,_ZStorSt13_Ios_OpenmodeS_
FNF:1
FNH:0
DA:129,0
DA:130,0
LF:2
LH:0
end_of_record
SF:/usr/include/c++/7/bits/stl_algobase.h
FN:277,_ZSt12__niter_baseIPiET_S1_
FN:357,_ZNSt11__copy_moveILb0ELb1ESt26random_access_iterator_tagE8__copy_mIiEEPT_PKS3_S6_S4_
FN:375,_ZSt13__copy_move_aILb0EPKiPiET1_T0_S4_S3_
FN:420,_ZSt14__copy_move_a2ILb0EN9__gnu_cxx17__normal_iteratorIPKiSt6vectorIiSaIiEEEEPiET1_T0_SA_S9_
FN:446,_ZSt4copyIN9__gnu_cxx17__normal_iteratorIPKiSt6vectorIiSaIiEEEEPiET0_T_SA_S9_
FN:749,_ZSt10__fill_n_aIPimiEN9__gnu_cxx11__enable_ifIXsrSt11__is_scalarIT1_E7__valueET_E6__typeES6_T0_RKS4_
FN:784,_ZSt6fill_nIPimiET_S1_T0_RKT1_
FNDA:0,_ZSt12__niter_baseIPiET_S1_
FNDA:0,_ZNSt11__copy_moveILb0ELb1ESt26random_access_iterator_tagE8__copy_mIiEEPT_PKS3_S6_S4_
FNDA:0,_ZSt13__copy_move_aILb0EPKiPiET1_T0_S4_S3_
FNDA:0,_ZSt14__copy_move_a2ILb0EN9__gnu_cxx17__normal_iteratorIPKiSt6vectorIiSaIiEEEEPiET1_T0_SA_S9_
FNDA:0,_ZSt4copyIN9__gnu_cxx17__normal_iteratorIPKiSt6vectorIiSaIiEEEEPiET0_T_SA_S9_
FNDA:0,_ZSt10__fill_n_aIPimiEN9__gnu_cxx11__enable_ifIXsrSt11__is_scalarIT1_E7__valueET_E6__typeES6_T0_RKS4_
FNDA:0,_ZSt6fill_nIPimiET_S1_T0_RKT1_
FNF:7
FNH:0
DA:277,0
DA:278,0
DA:357,0
DA:366,0
DA:367,0
DA:368,0
DA:369,0
DA:375,0
DA:380,0
DA:386,0
DA:420,0
DA:422,0
DA:424,0
DA:446,0
DA:455,0
DA:456,0
DA:749,0
DA:751,0
DA:752,0
DA:753,0
DA:754,0
DA:755,0
DA:784,0
DA:789,0
LF:24
LH:0
end_of_record
SF:/usr/include/c++/7/bits/stl_construct.h
FN:117,_ZNSt12_Destroy_auxILb1EE9__destroyIPiEEvT_S3_
FN:127,_ZSt8_DestroyIPiEvT_S1_
FN:203,_ZSt8_DestroyIPiiEvT_S1_RSaIT0_E
FNDA:0,_ZNSt12_Destroy_auxILb1EE9__destroyIPiEEvT_S3_
FNDA:0,_ZSt8_DestroyIPiEvT_S1_
FNDA:0,_ZSt8_DestroyIPiiEvT_S1_RSaIT0_E
FNF:3
FNH:0
DA:117,0
DA:127,0
DA:137,0
DA:138,0
DA:203,0
DA:206,0
DA:207,0
LF:7
LH:0
end_of_record
SF:/usr/include/c++/7/bits/stl_iterator.h
FN:782,_ZN9__gnu_cxx17__normal_iteratorIPKiSt6vectorIiSaIiEEEC2ERKS2_
FN:847,_ZNK9__gnu_cxx17__normal_iteratorIPKiSt6vectorIiSaIiEEE4baseEv
FN:986,_ZSt12__niter_baseIPKiSt6vectorIiSaIiEEET_N9__gnu_cxx17__normal_iteratorIS5_T0_EE
FNDA:0,_ZN9__gnu_cxx17__normal_iteratorIPKiSt6vectorIiSaIiEEEC2ERKS2_
FNDA:0,_ZNK9__gnu_cxx17__normal_iteratorIPKiSt6vectorIiSaIiEEE4baseEv
FNDA:0,_ZSt12__niter_baseIPKiSt6vectorIiSaIiEEET_N9__gnu_cxx17__normal_iteratorIS5_T0_EE
FNF:3
FNH:0
DA:782,0
DA:783,0
DA:847,0
DA:848,0
DA:986,0
DA:987,0
LF:6
LH:0
end_of_record
SF:/usr/include/c++/7/bits/stl_uninitialized.h
FN:99,_ZNSt20__uninitialized_copyILb1EE13__uninit_copyIN9__gnu_cxx17__normal_iteratorIPKiSt6vectorIiSaIiEEEEPiEET0_T_SC_SB_
FN:115,_ZSt18uninitialized_copyIN9__gnu_cxx17__normal_iteratorIPKiSt6vectorIiSaIiEEEEPiET0_T_SA_S9_
FN:287,_ZSt22__uninitialized_copy_aIN9__gnu_cxx17__normal_iteratorIPKiSt6vectorIiSaIiEEEEPiiET0_T_SA_S9_RSaIT1_E
FN:543,_ZNSt27__uninitialized_default_n_1ILb1EE18__uninit_default_nIPimEET_S3_T0_
FN:574,_ZSt25__uninitialized_default_nIPimET_S1_T0_
FN:643,_ZSt27__uninitialized_default_n_aIPimiET_S1_T0_RSaIT1_E
FNDA:0,_ZNSt20__uninitialized_copyILb1EE13__uninit_copyIN9__gnu_cxx17__normal_iteratorIPKiSt6vectorIiSaIiEEEEPiEET0_T_SC_SB_
FNDA:0,_ZSt18uninitialized_copyIN9__gnu_cxx17__normal_iteratorIPKiSt6vectorIiSaIiEEEEPiET0_T_SA_S9_
FNDA:0,_ZSt22__uninitialized_copy_aIN9__gnu_cxx17__normal_iteratorIPKiSt6vectorIiSaIiEEEEPiiET0_T_SA_S9_RSaIT1_E
FNDA:0,_ZNSt27__uninitialized_default_n_1ILb1EE18__uninit_default_nIPimEET_S3_T0_
FNDA:0,_ZSt25__uninitialized_default_nIPimET_S1_T0_
FNDA:0,_ZSt27__uninitialized_default_n_aIPimiET_S1_T0_RSaIT1_E
FNF:6
FNH:0
DA:99,0
DA:101,0
DA:115,0
DA:128,0
DA:134,0
DA:287,0
DA:289,0
DA:543,0
DA:548,0
DA:574,0
DA:579,0
DA:583,0
DA:643,0
DA:645,0
LF:14
LH:0
end_of_record
SF:/usr/include/c++/7/bits/stl_vector.h
FN:81,_ZNSt12_Vector_baseIiSaIiEE12_Vector_implD2Ev
FN:88,_ZNSt12_Vector_baseIiSaIiEE12_Vector_implC2Ev
FN:92,_ZNSt12_Vector_baseIiSaIiEE12_Vector_implC2ERKS0_
FN:115,_ZNSt12_Vector_baseIiSaIiEE19_M_get_Tp_allocatorEv
FN:119,_ZNKSt12_Vector_baseIiSaIiEE19_M_get_Tp_allocatorEv
FN:126,_ZNSt12_Vector_baseIiSaIiEEC2Ev
FN:136,_ZNSt12_Vector_baseIiSaIiEEC2EmRKS0_
FN:161,_ZNSt12_Vector_baseIiSaIiEED2Ev
FN:169,_ZNSt12_Vector_baseIiSaIiEE11_M_allocateEm
FN:176,_ZNSt12_Vector_baseIiSaIiEE13_M_deallocateEPim
FN:185,_ZNSt12_Vector_baseIiSaIiEE17_M_create_storageEm
FN:259,_ZNSt6vectorIiSaIiEEC2Ev
FN:283,_ZNSt6vectorIiSaIiEEC2EmRKS0_
FN:326,_ZNSt6vectorIiSaIiEEC2ERKS1_
FN:433,_ZNSt6vectorIiSaIiEED2Ev
FN:572,_ZNKSt6vectorIiSaIiEE5beginEv
FN:590,_ZNKSt6vectorIiSaIiEE3endEv
FN:670,_ZNKSt6vectorIiSaIiEE4sizeEv
FN:795,_ZNSt6vectorIiSaIiEEixEm
FN:1349,_ZNSt6vectorIiSaIiEE21_M_default_initializeEm
FNDA:0,_ZNSt12_Vector_baseIiSaIiEE12_Vector_implD2Ev
FNDA:0,_ZNSt12_Vector_baseIiSaIiEE12_Vector_implC2Ev
FNDA:0,_ZNSt12_Vector_baseIiSaIiEE12_Vector_implC2ERKS0_
FNDA:0,_ZNSt12_Vector_baseIiSaIiEE19_M_get_Tp_allocatorEv
FNDA:0,_ZNKSt12_Vector_baseIiSaIiEE19_M_get_Tp_allocatorEv
FNDA:0,_ZNSt12_Vector_baseIiSaIiEEC2Ev
FNDA:0,_ZNSt12_Vector_baseIiSaIiEEC2EmRKS0_
FNDA:0,_ZNSt12_Vector_baseIiSaIiEED2Ev
FNDA:0,_ZNSt12_Vector_baseIiSaIiEE11_M_allocateEm
FNDA:0,_ZNSt12_Vector_baseIiSaIiEE13_M_deallocateEPim
FNDA:0,_ZNSt12_Vector_baseIiSaIiEE17_M_create_storageEm
FNDA:0,_ZNSt6vectorIiSaIiEEC2Ev
FNDA:0,_ZNSt6vectorIiSaIiEEC2EmRKS0_
FNDA:0,_ZNSt6vectorIiSaIiEEC2ERKS1_
FNDA:0,_ZNSt6vectorIiSaIiEED2Ev
FNDA:0,_ZNKSt6vectorIiSaIiEE5beginEv
FNDA:0,_ZNKSt6vectorIiSaIiEE3endEv
FNDA:0,_ZNKSt6vectorIiSaIiEE4sizeEv
FNDA:0,_ZNSt6vectorIiSaIiEEixEm
FNDA:0,_ZNSt6vectorIiSaIiEE21_M_default_initializeEm
FNF:20
FNH:0
DA:81,0
DA:88,0
DA:89,0
DA:90,0
DA:92,0
DA:93,0
DA:94,0
DA:115,0
DA:116,0
DA:119,0
DA:120,0
DA:126,0
DA:127,0
DA:136,0
DA:137,0
DA:138,0
DA:161,0
DA:162,0
DA:163,0
DA:169,0
DA:172,0
DA:176,0
DA:179,0
DA:180,0
DA:181,0
DA:185,0
DA:187,0
DA:188,0
DA:189,0
DA:190,0
DA:259,0
DA:263,0
DA:283,0
DA:284,0
DA:285,0
DA:326,0
DA:328,0
DA:330,0
DA:331,0
DA:333,0
DA:334,0
DA:433,0
DA:434,0
DA:435,0
DA:572,0
DA:573,0
DA:590,0
DA:591,0
DA:670,0
DA:671,0
DA:795,0
DA:798,0
DA:1349,0
DA:1351,0
DA:1352,0
DA:1353,0
DA:1354,0
LF:57
LH:0
end_of_record
SF:/usr/include/c++/7/cmath
FN:272,_ZSt5floorIiEN9__gnu_cxx11__enable_ifIXsrSt12__is_integerIT_E7__valueEdE6__typeES3_
FNDA:0,_ZSt5floorIiEN9__gnu_cxx11__enable_ifIXsrSt12__is_integerIT_E7__valueEdE6__typeES3_
FNF:1
FNH:0
DA:272,0
DA:273,0
LF:2
LH:0
end_of_record
SF:/usr/include/c++/7/ext/alloc_traits.h
FN:94,_ZN9__gnu_cxx14__alloc_traitsISaIiEE17_S_select_on_copyERKS1_
FNDA:0,_ZN9__gnu_cxx14__alloc_traitsISaIiEE17_S_select_on_copyERKS1_
FNF:1
FNH:0
DA:94,0
DA:95,0
LF:2
LH:0
end_of_record
SF:/usr/include/c++/7/ext/new_allocator.h
FN:79,_ZN9__gnu_cxx13new_allocatorIiEC2Ev
FN:81,_ZN9__gnu_cxx13new_allocatorIiEC2ERKS1_
FN:86,_ZN9__gnu_cxx13new_allocatorIiED2Ev
FN:99,_ZN9__gnu_cxx13new_allocatorIiE8allocateEmPKv
FN:116,_ZN9__gnu_cxx13new_allocatorIiE10deallocateEPim
FN:129,_ZNK9__gnu_cxx13new_allocatorIiE8max_sizeEv
FNDA:0,_ZN9__gnu_cxx13new_allocatorIiEC2Ev
FNDA:0,_ZN9__gnu_cxx13new_allocatorIiEC2ERKS1_
FNDA:0,_ZN9__gnu_cxx13new_allocatorIiED2Ev
FNDA:0,_ZN9__gnu_cxx13new_allocatorIiE8allocateEmPKv
FNDA:0,_ZN9__gnu_cxx13new_allocatorIiE10deallocateEPim
FNDA:0,_ZNK9__gnu_cxx13new_allocatorIiE8max_sizeEv
FNF:6
FNH:0
DA:79,0
DA:81,0
DA:86,0
DA:99,0
DA:101,0
DA:102,0
DA:111,0
DA:116,0
DA:125,0
DA:126,0
DA:129,0
DA:130,0
LF:12
LH:0
end_of_record
TN:
SF:/home/mrodriguezz/Desktop/TPI/MIR/entradasalida.cpp
FN:7,_Z13escribirAudioSt6vectorIiSaIiEEiNSt7__cxx1112basic_stringIcSt11char_traitsIcESaIcEEE
FN:19,_Z9leerAudioNSt7__cxx1112basic_stringIcSt11char_traitsIcESaIcEEE
FNDA:0,_Z13escribirAudioSt6vectorIiSaIiEEiNSt7__cxx1112basic_stringIcSt11char_traitsIcESaIcEEE
FNDA:0,_Z9leerAudioNSt7__cxx1112basic_stringIcSt11char_traitsIcESaIcEEE
FNF:2
FNH:0
DA:7,0
DA:8,0
DA:9,0
DA:11,0
DA:12,0
DA:13,0
DA:16,0
DA:17,0
DA:19,0
DA:20,0
DA:21,0
DA:24,0
DA:26,0
DA:27,0
DA:29,0
DA:31,0
DA:34,0
DA:36,0
DA:37,0
LF:19
LH:0
end_of_record
SF:/usr/include/c++/7/bits/alloc_traits.h
FN:435,_ZNSt16allocator_traitsISaIiEE8allocateERS0_m
FN:461,_ZNSt16allocator_traitsISaIiEE10deallocateERS0_Pim
FN:474,_ZNSt16allocator_traitsISaIiEE9constructIiJRKiEEEvRS0_PT_DpOT0_
FN:486,_ZNSt16allocator_traitsISaIiEE7destroyIiEEvRS0_PT_
FN:495,_ZNSt16allocator_traitsISaIiEE8max_sizeERKS0_
FN:504,_ZNSt16allocator_traitsISaIiEE37select_on_container_copy_constructionERKS0_
FNDA:0,_ZNSt16allocator_traitsISaIiEE8allocateERS0_m
FNDA:0,_ZNSt16allocator_traitsISaIiEE10deallocateERS0_Pim
FNDA:0,_ZNSt16allocator_traitsISaIiEE9constructIiJRKiEEEvRS0_PT_DpOT0_
FNDA:0,_ZNSt16allocator_traitsISaIiEE7destroyIiEEvRS0_PT_
FNDA:0,_ZNSt16allocator_traitsISaIiEE8max_sizeERKS0_
FNDA:0,_ZNSt16allocator_traitsISaIiEE37select_on_container_copy_constructionERKS0_
FNF:6
FNH:0
DA:435,0
DA:436,0
DA:461,0
DA:462,0
DA:474,0
DA:475,0
DA:486,0
DA:487,0
DA:495,0
DA:496,0
DA:504,0
DA:505,0
LF:12
LH:0
end_of_record
SF:/usr/include/c++/7/bits/allocator.h
FN:131,_ZNSaIiEC2Ev
FN:133,_ZNSaIiEC2ERKS_
FN:139,_ZNSaIiED2Ev
FNDA:0,_ZNSaIiEC2Ev
FNDA:0,_ZNSaIiEC2ERKS_
FNDA:0,_ZNSaIiED2Ev
FNF:3
FNH:0
DA:131,0
DA:133,0
DA:134,0
DA:139,0
LF:4
LH:0
end_of_record
SF:/usr/include/c++/7/bits/cpp_type_traits.h
FN:408,_ZSt12__miter_baseIN9__gnu_cxx17__normal_iteratorIPKiSt6vectorIiSaIiEEEEET_S8_
FN:408,_ZSt12__miter_baseIPiET_S1_
FNDA:0,_ZSt12__miter_baseIN9__gnu_cxx17__normal_iteratorIPKiSt6vectorIiSaIiEEEEET_S8_
FNDA:0,_ZSt12__miter_baseIPiET_S1_
FNF:2
FNH:0
DA:408,0
DA:409,0
LF:2
LH:0
end_of_record
SF:/usr/include/c++/7/bits/ios_base.h
FN:129,_ZStorSt13_Ios_OpenmodeS_
FNDA:0,_ZStorSt13_Ios_OpenmodeS_
FNF:1
FNH:0
DA:129,0
DA:130,0
LF:2
LH:0
end_of_record
SF:/usr/include/c++/7/bits/move.h
FN:73,_ZSt7forwardIRKiEOT_RNSt16remove_referenceIS2_E4typeE
FN:73,_ZSt7forwardIRSt6vectorIiSaIiEEEOT_RNSt16remove_referenceIS4_E4typeE
FN:73,_ZSt7forwardIRiEOT_RNSt16remove_referenceIS1_E4typeE
FNDA:0,_ZSt7forwardIRKiEOT_RNSt16remove_referenceIS2_E4typeE
FNDA:0,_ZSt7forwardIRSt6vectorIiSaIiEEEOT_RNSt16remove_referenceIS4_E4typeE
FNDA:0,_ZSt7forwardIRiEOT_RNSt16remove_referenceIS1_E4typeE
FNF:3
FNH:0
DA:73,0
DA:74,0
LF:2
LH:0
end_of_record
SF:/usr/include/c++/7/bits/stl_algobase.h
FN:219,_ZSt3maxImERKT_S2_S2_
FN:277,_ZSt12__niter_baseIPiET_S1_
FN:357,_ZNSt11__copy_moveILb0ELb1ESt26random_access_iterator_tagE8__copy_mIiEEPT_PKS3_S6_S4_
FN:357,_ZNSt11__copy_moveILb1ELb1ESt26random_access_iterator_tagE8__copy_mIiEEPT_PKS3_S6_S4_
FN:375,_ZSt13__copy_move_aILb1EPiS0_ET1_T0_S2_S1_
FN:375,_ZSt13__copy_move_aILb0EPKiPiET1_T0_S4_S3_
FN:420,_ZSt14__copy_move_a2ILb0EN9__gnu_cxx17__normal_iteratorIPKiSt6vectorIiSaIiEEEEPiET1_T0_SA_S9_
FN:420,_ZSt14__copy_move_a2ILb1EPiS0_ET1_T0_S2_S1_
FN:446,_ZSt4copyISt13move_iteratorIPiES1_ET0_T_S4_S3_
FN:446,_ZSt4copyIN9__gnu_cxx17__normal_iteratorIPKiSt6vectorIiSaIiEEEEPiET0_T_SA_S9_
FNDA:0,_ZSt3maxImERKT_S2_S2_
FNDA:0,_ZSt12__niter_baseIPiET_S1_
FNDA:0,_ZNSt11__copy_moveILb0ELb1ESt26random_access_iterator_tagE8__copy_mIiEEPT_PKS3_S6_S4_
FNDA:0,_ZNSt11__copy_moveILb1ELb1ESt26random_access_iterator_tagE8__copy_mIiEEPT_PKS3_S6_S4_
FNDA:0,_ZSt13__copy_move_aILb0EPKiPiET1_T0_S4_S3_
FNDA:0,_ZSt13__copy_move_aILb1EPiS0_ET1_T0_S2_S1_
FNDA:0,_ZSt14__copy_move_a2ILb0EN9__gnu_cxx17__normal_iteratorIPKiSt6vectorIiSaIiEEEEPiET1_T0_SA_S9_
FNDA:0,_ZSt14__copy_move_a2ILb1EPiS0_ET1_T0_S2_S1_
FNDA:0,_ZSt4copyIN9__gnu_cxx17__normal_iteratorIPKiSt6vectorIiSaIiEEEEPiET0_T_SA_S9_
FNDA:0,_ZSt4copyISt13move_iteratorIPiES1_ET0_T_S4_S3_
FNF:10
FNH:0
DA:219,0
DA:224,0
DA:225,0
DA:226,0
DA:277,0
DA:278,0
DA:357,0
DA:366,0
DA:367,0
DA:368,0
DA:369,0
DA:375,0
DA:380,0
DA:386,0
DA:420,0
DA:422,0
DA:424,0
DA:446,0
DA:455,0
DA:456,0
LF:20
LH:0
end_of_record
SF:/usr/include/c++/7/bits/stl_construct.h
FN:117,_ZNSt12_Destroy_auxILb1EE9__destroyIPiEEvT_S3_
FN:127,_ZSt8_DestroyIPiEvT_S1_
FN:203,_ZSt8_DestroyIPiiEvT_S1_RSaIT0_E
FNDA:0,_ZNSt12_Destroy_auxILb1EE9__destroyIPiEEvT_S3_
FNDA:0,_ZSt8_DestroyIPiEvT_S1_
FNDA:0,_ZSt8_DestroyIPiiEvT_S1_RSaIT0_E
FNF:3
FNH:0
DA:117,0
DA:127,0
DA:137,0
DA:138,0
DA:203,0
DA:206,0
DA:207,0
LF:7
LH:0
end_of_record
SF:/usr/include/c++/7/bits/stl_iterator.h
FN:782,_ZN9__gnu_cxx17__normal_iteratorIPKiSt6vectorIiSaIiEEEC2ERKS2_
FN:782,_ZN9__gnu_cxx17__normal_iteratorIPiSt6vectorIiSaIiEEEC2ERKS1_
FN:847,_ZNK9__gnu_cxx17__normal_iteratorIPiSt6vectorIiSaIiEEE4baseEv
FN:847,_ZNK9__gnu_cxx17__normal_iteratorIPKiSt6vectorIiSaIiEEE4baseEv
FN:965,_ZN9__gnu_cxxmiIPiSt6vectorIiSaIiEEEENS_17__normal_iteratorIT_T0_E15difference_typeERKS8_SB_
FN:986,_ZSt12__niter_baseIPKiSt6vectorIiSaIiEEET_N9__gnu_cxx17__normal_iteratorIS5_T0_EE
FN:1039,_ZNSt13move_iteratorIPiEC2ES0_
FN:1048,_ZNKSt13move_iteratorIPiE4baseEv
FN:1224,_ZSt32__make_move_if_noexcept_iteratorIiSt13move_iteratorIPiEET0_PT_
FN:1244,_ZSt12__miter_baseIPiEDTcl12__miter_basecldtfp_4baseEEESt13move_iteratorIT_E
FNDA:0,_ZN9__gnu_cxx17__normal_iteratorIPKiSt6vectorIiSaIiEEEC2ERKS2_
FNDA:0,_ZN9__gnu_cxx17__normal_iteratorIPiSt6vectorIiSaIiEEEC2ERKS1_
FNDA:0,_ZNK9__gnu_cxx17__normal_iteratorIPKiSt6vectorIiSaIiEEE4baseEv
FNDA:0,_ZNK9__gnu_cxx17__normal_iteratorIPiSt6vectorIiSaIiEEE4baseEv
FNDA:0,_ZN9__gnu_cxxmiIPiSt6vectorIiSaIiEEEENS_17__normal_iteratorIT_T0_E15difference_typeERKS8_SB_
FNDA:0,_ZSt12__niter_baseIPKiSt6vectorIiSaIiEEET_N9__gnu_cxx17__normal_iteratorIS5_T0_EE
FNDA:0,_ZNSt13move_iteratorIPiEC2ES0_
FNDA:0,_ZNKSt13move_iteratorIPiE4baseEv
FNDA:0,_ZSt32__make_move_if_noexcept_iteratorIiSt13move_iteratorIPiEET0_PT_
FNDA:0,_ZSt12__miter_baseIPiEDTcl12__miter_basecldtfp_4baseEEESt13move_iteratorIT_E
FNF:10
FNH:0
DA:782,0
DA:783,0
DA:847,0
DA:848,0
DA:965,0
DA:968,0
DA:986,0
DA:987,0
DA:1039,0
DA:1040,0
DA:1048,0
DA:1049,0
DA:1224,0
DA:1225,0
DA:1244,0
DA:1246,0
LF:16
LH:0
end_of_record
SF:/usr/include/c++/7/bits/stl_uninitialized.h
FN:99,_ZNSt20__uninitialized_copyILb1EE13__uninit_copyISt13move_iteratorIPiES3_EET0_T_S6_S5_
FN:99,_ZNSt20__uninitialized_copyILb1EE13__uninit_copyIN9__gnu_cxx17__normal_iteratorIPKiSt6vectorIiSaIiEEEEPiEET0_T_SC_SB_
FN:115,_ZSt18uninitialized_copyISt13move_iteratorIPiES1_ET0_T_S4_S3_
FN:115,_ZSt18uninitialized_copyIN9__gnu_cxx17__normal_iteratorIPKiSt6vectorIiSaIiEEEEPiET0_T_SA_S9_
FN:287,_ZSt22__uninitialized_copy_aISt13move_iteratorIPiES1_iET0_T_S4_S3_RSaIT1_E
FN:287,_ZSt22__uninitialized_copy_aIN9__gnu_cxx17__normal_iteratorIPKiSt6vectorIiSaIiEEEEPiiET0_T_SA_S9_RSaIT1_E
FN:305,_ZSt34__uninitialized_move_if_noexcept_aIPiS0_SaIiEET0_T_S3_S2_RT1_
FNDA:0,_ZNSt20__uninitialized_copyILb1EE13__uninit_copyIN9__gnu_cxx17__normal_iteratorIPKiSt6vectorIiSaIiEEEEPiEET0_T_SC_SB_
FNDA:0,_ZNSt20__uninitialized_copyILb1EE13__uninit_copyISt13move_iteratorIPiES3_EET0_T_S6_S5_
FNDA:0,_ZSt18uninitialized_copyIN9__gnu_cxx17__normal_iteratorIPKiSt6vectorIiSaIiEEEEPiET0_T_SA_S9_
FNDA:0,_ZSt18uninitialized_copyISt13move_iteratorIPiES1_ET0_T_S4_S3_
FNDA:0,_ZSt22__uninitialized_copy_aIN9__gnu_cxx17__normal_iteratorIPKiSt6vectorIiSaIiEEEEPiiET0_T_SA_S9_RSaIT1_E
FNDA:0,_ZSt22__uninitialized_copy_aISt13move_iteratorIPiES1_iET0_T_S4_S3_RSaIT1_E
FNDA:0,_ZSt34__uninitialized_move_if_noexcept_aIPiS0_SaIiEET0_T_S3_S2_RT1_
FNF:7
FNH:0
DA:99,0
DA:101,0
DA:115,0
DA:128,0
DA:134,0
DA:287,0
DA:289,0
DA:305,0
DA:311,0
DA:312,0
LF:10
LH:0
end_of_record
SF:/usr/include/c++/7/bits/stl_vector.h
FN:81,_ZNSt12_Vector_baseIiSaIiEE12_Vector_implD2Ev
FN:88,_ZNSt12_Vector_baseIiSaIiEE12_Vector_implC2Ev
FN:92,_ZNSt12_Vector_baseIiSaIiEE12_Vector_implC2ERKS0_
FN:115,_ZNSt12_Vector_baseIiSaIiEE19_M_get_Tp_allocatorEv
FN:119,_ZNKSt12_Vector_baseIiSaIiEE19_M_get_Tp_allocatorEv
FN:126,_ZNSt12_Vector_baseIiSaIiEEC2Ev
FN:136,_ZNSt12_Vector_baseIiSaIiEEC2EmRKS0_
FN:161,_ZNSt12_Vector_baseIiSaIiEED2Ev
FN:169,_ZNSt12_Vector_baseIiSaIiEE11_M_allocateEm
FN:176,_ZNSt12_Vector_baseIiSaIiEE13_M_deallocateEPim
FN:185,_ZNSt12_Vector_baseIiSaIiEE17_M_create_storageEm
FN:259,_ZNSt6vectorIiSaIiEEC2Ev
FN:326,_ZNSt6vectorIiSaIiEEC2ERKS1_
FN:433,_ZNSt6vectorIiSaIiEED2Ev
FN:563,_ZNSt6vectorIiSaIiEE5beginEv
FN:572,_ZNKSt6vectorIiSaIiEE5beginEv
FN:581,_ZNSt6vectorIiSaIiEE3endEv
FN:590,_ZNKSt6vectorIiSaIiEE3endEv
FN:670,_ZNKSt6vectorIiSaIiEE4sizeEv
FN:675,_ZNKSt6vectorIiSaIiEE8max_sizeEv
FN:795,_ZNSt6vectorIiSaIiEEixEm
FN:939,_ZNSt6vectorIiSaIiEE9push_backERKi
FN:1502,_ZNKSt6vectorIiSaIiEE12_M_check_lenEmPKc
FNDA:0,_ZNSt12_Vector_baseIiSaIiEE12_Vector_implD2Ev
FNDA:0,_ZNSt12_Vector_baseIiSaIiEE12_Vector_implC2Ev
FNDA:0,_ZNSt12_Vector_baseIiSaIiEE12_Vector_implC2ERKS0_
FNDA:0,_ZNSt12_Vector_baseIiSaIiEE19_M_get_Tp_allocatorEv
FNDA:0,_ZNKSt12_Vector_baseIiSaIiEE19_M_get_Tp_allocatorEv
FNDA:0,_ZNSt12_Vector_baseIiSaIiEEC2Ev
FNDA:0,_ZNSt12_Vector_baseIiSaIiEEC2EmRKS0_
FNDA:0,_ZNSt12_Vector_baseIiSaIiEED2Ev
FNDA:0,_ZNSt12_Vector_baseIiSaIiEE11_M_allocateEm
FNDA:0,_ZNSt12_Vector_baseIiSaIiEE13_M_deallocateEPim
FNDA:0,_ZNSt12_Vector_baseIiSaIiEE17_M_create_storageEm
FNDA:0,_ZNSt6vectorIiSaIiEEC2Ev
FNDA:0,_ZNSt6vectorIiSaIiEEC2ERKS1_
FNDA:0,_ZNSt6vectorIiSaIiEED2Ev
FNDA:0,_ZNSt6vectorIiSaIiEE5beginEv
FNDA:0,_ZNKSt6vectorIiSaIiEE5beginEv
FNDA:0,_ZNSt6vectorIiSaIiEE3endEv
FNDA:0,_ZNKSt6vectorIiSaIiEE3endEv
FNDA:0,_ZNKSt6vectorIiSaIiEE4sizeEv
FNDA:0,_ZNKSt6vectorIiSaIiEE8max_sizeEv
FNDA:0,_ZNSt6vectorIiSaIiEEixEm
FNDA:0,_ZNSt6vectorIiSaIiEE9push_backERKi
FNDA:0,_ZNKSt6vectorIiSaIiEE12_M_check_lenEmPKc
FNF:23
FNH:0
DA:81,0
DA:88,0
DA:89,0
DA:90,0
DA:92,0
DA:93,0
DA:94,0
DA:115,0
DA:116,0
DA:119,0
DA:120,0
DA:126,0
DA:127,0
DA:136,0
DA:137,0
DA:138,0
DA:161,0
DA:162,0
DA:163,0
DA:169,0
DA:172,0
DA:176,0
DA:179,0
DA:180,0
DA:181,0
DA:185,0
DA:187,0
DA:188,0
DA:189,0
DA:190,0
DA:259,0
DA:263,0
DA:326,0
DA:328,0
DA:330,0
DA:331,0
DA:333,0
DA:334,0
DA:433,0
DA:434,0
DA:435,0
DA:563,0
DA:564,0
DA:572,0
DA:573,0
DA:581,0
DA:582,0
DA:590,0
DA:591,0
DA:670,0
DA:671,0
DA:675,0
DA:676,0
DA:795,0
DA:798,0
DA:939,0
DA:941,0
DA:943,0
DA:945,0
DA:948,0
DA:949,0
DA:1502,0
DA:1504,0
DA:1505,0
DA:1507,0
DA:1508,0
LF:66
LH:0
end_of_record
SF:/usr/include/c++/7/bits/vector.tcc
FN:394,_ZNSt6vectorIiSaIiEE17_M_realloc_insertIJRKiEEEvN9__gnu_cxx17__normal_iteratorIPiS1_EEDpOT_
FNDA:0,_ZNSt6vectorIiSaIiEE17_M_realloc_insertIJRKiEEEvN9__gnu_cxx17__normal_iteratorIPiS1_EEDpOT_
FNF:1
FNH:0
DA:394,0
DA:403,0
DA:405,0
DA:406,0
DA:407,0
DA:415,0
DA:416,0
DA:422,0
DA:424,0
DA:426,0
DA:427,0
DA:429,0
DA:431,0
DA:433,0
DA:434,0
DA:436,0
DA:438,0
DA:439,0
DA:440,0
DA:442,0
DA:443,0
DA:444,0
DA:446,0
DA:447,0
DA:448,0
DA:449,0
DA:450,0
DA:451,0
DA:452,0
DA:453,0
DA:454,0
LF:31
LH:0
end_of_record
SF:/usr/include/c++/7/ext/alloc_traits.h
FN:94,_ZN9__gnu_cxx14__alloc_traitsISaIiEE17_S_select_on_copyERKS1_
FNDA:0,_ZN9__gnu_cxx14__alloc_traitsISaIiEE17_S_select_on_copyERKS1_
FNF:1
FNH:0
DA:94,0
DA:95,0
LF:2
LH:0
end_of_record
SF:/usr/include/c++/7/ext/new_allocator.h
FN:79,_ZN9__gnu_cxx13new_allocatorIiEC2Ev
FN:81,_ZN9__gnu_cxx13new_allocatorIiEC2ERKS1_
FN:86,_ZN9__gnu_cxx13new_allocatorIiED2Ev
FN:99,_ZN9__gnu_cxx13new_allocatorIiE8allocateEmPKv
FN:116,_ZN9__gnu_cxx13new_allocatorIiE10deallocateEPim
FN:129,_ZNK9__gnu_cxx13new_allocatorIiE8max_sizeEv
FN:135,_ZN9__gnu_cxx13new_allocatorIiE9constructIiJRKiEEEvPT_DpOT0_
FN:140,_ZN9__gnu_cxx13new_allocatorIiE7destroyIiEEvPT_
FNDA:0,_ZN9__gnu_cxx13new_allocatorIiEC2Ev
FNDA:0,_ZN9__gnu_cxx13new_allocatorIiEC2ERKS1_
FNDA:0,_ZN9__gnu_cxx13new_allocatorIiED2Ev
FNDA:0,_ZN9__gnu_cxx13new_allocatorIiE8allocateEmPKv
FNDA:0,_ZN9__gnu_cxx13new_allocatorIiE10deallocateEPim
FNDA:0,_ZNK9__gnu_cxx13new_allocatorIiE8max_sizeEv
FNDA:0,_ZN9__gnu_cxx13new_allocatorIiE9constructIiJRKiEEEvPT_DpOT0_
FNDA:0,_ZN9__gnu_cxx13new_allocatorIiE7destroyIiEEvPT_
FNF:8
FNH:0
DA:79,0
DA:81,0
DA:86,0
DA:99,0
DA:101,0
DA:102,0
DA:111,0
DA:116,0
DA:125,0
DA:126,0
DA:129,0
DA:130,0
DA:135,0
DA:136,0
DA:140,0
LF:15
LH:0
end_of_record
SF:/usr/include/c++/7/new
FN:168,_ZnwmPv
FNDA:0,_ZnwmPv
FNF:1
FNH:0
DA:168,0
DA:169,0
LF:2
LH:0
end_of_record
SF:/usr/include/c++/7/tuple
FN:132,_ZNSt10_Head_baseILm1ESt6vectorIiSaIiEELb0EEC2IRS2_EEOT_
FN:132,_ZNSt10_Head_baseILm0EiLb0EEC2IRiEEOT_
FN:216,_ZNSt11_Tuple_implILm0EJiSt6vectorIiSaIiEEEEC2IRiJRS2_EvEEOT_DpOT0_
FN:365,_ZNSt11_Tuple_implILm1EJSt6vectorIiSaIiEEEEC2IRS2_EEOT_
FN:971,_ZNSt5tupleIJiSt6vectorIiSaIiEEEEC2IRiRS2_Lb1EEEOT_OT0_
FNDA:0,_ZNSt10_Head_baseILm1ESt6vectorIiSaIiEELb0EEC2IRS2_EEOT_
FNDA:0,_ZNSt10_Head_baseILm0EiLb0EEC2IRiEEOT_
FNDA:0,_ZNSt11_Tuple_implILm0EJiSt6vectorIiSaIiEEEEC2IRiJRS2_EvEEOT_DpOT0_
FNDA:0,_ZNSt11_Tuple_implILm1EJSt6vectorIiSaIiEEEEC2IRS2_EEOT_
FNDA:0,_ZNSt5tupleIJiSt6vectorIiSaIiEEEEC2IRiRS2_Lb1EEEOT_OT0_
FNF:5
FNH:0
DA:132,0
DA:133,0
DA:216,0
DA:218,0
DA:365,0
DA:366,0
DA:971,0
DA:972,0
LF:8
LH:0
end_of_record
TN:
SF:/home/mrodriguezz/Desktop/TPI/MIR/lib/googletest-master/googletest/include/gtest/gtest-message.h
FN:85,_ZN7testing7MessageD2Ev
FNDA:0,_ZN7testing7MessageD2Ev
FNF:1
FNH:0
DA:85,0
LF:1
LH:0
end_of_record
SF:/home/mrodriguezz/Desktop/TPI/MIR/lib/googletest-master/googletest/include/gtest/gtest-printers.h
FN:222,_ZN16testing_internal26DefaultPrintNonContainerToIiEEvRKT_PSo
FN:275,_ZN7testing8internal19FormatForComparisonISt6vectorIiSaIiEES4_E6FormatB5cxx11ERKS4_
FN:349,_ZN7testing8internal33FormatForComparisonFailureMessageISt6vectorIiSaIiEES4_EENSt7__cxx1112basic_stringIcSt11char_traitsIcESaIcEEERKT_RKT0_
FN:378,_ZN7testing8internal14DefaultPrintToISt6vectorIiSaIiEEEEvNS0_15WrapPrinterTypeILNS0_18DefaultPrinterTypeE0EEERKT_PSo
FN:442,_ZN7testing8internal14DefaultPrintToIiEEvNS0_15WrapPrinterTypeILNS0_18DefaultPrinterTypeE3EEERKT_PSo
FN:459,_ZN7testing8internal7PrintToISt6vectorIiSaIiEEEEvRKT_PSo
FN:459,_ZN7testing8internal7PrintToIiEEvRKT_PSo
FN:714,_ZN7testing8internal16UniversalPrinterISt6vectorIiSaIiEEE5PrintERKS4_PSo
FN:714,_ZN7testing8internal16UniversalPrinterIiE5PrintERKiPSo
FN:799,_ZN7testing8internal21UniversalTersePrinterISt6vectorIiSaIiEEE5PrintERKS4_PSo
FN:868,_ZN7testing8internal14UniversalPrintIiEEvRKT_PSo
FN:868,_ZN7testing8internal14UniversalPrintISt6vectorIiSaIiEEEEvRKT_PSo
FN:996,_ZN7testing13PrintToStringISt6vectorIiSaIiEEEENSt7__cxx1112basic_stringIcSt11char_traitsIcESaIcEEERKT_
FNDA:0,_ZN16testing_internal26DefaultPrintNonContainerToIiEEvRKT_PSo
FNDA:0,_ZN7testing8internal19FormatForComparisonISt6vectorIiSaIiEES4_E6FormatB5cxx11ERKS4_
FNDA:0,_ZN7testing8internal33FormatForComparisonFailureMessageISt6vectorIiSaIiEES4_EENSt7__cxx1112basic_stringIcSt11char_traitsIcESaIcEEERKT_RKT0_
FNDA:0,_ZN7testing8internal14DefaultPrintToISt6vectorIiSaIiEEEEvNS0_15WrapPrinterTypeILNS0_18DefaultPrinterTypeE0EEERKT_PSo
FNDA:0,_ZN7testing8internal14DefaultPrintToIiEEvNS0_15WrapPrinterTypeILNS0_18DefaultPrinterTypeE3EEERKT_PSo
FNDA:0,_ZN7testing8internal7PrintToIiEEvRKT_PSo
FNDA:0,_ZN7testing8internal7PrintToISt6vectorIiSaIiEEEEvRKT_PSo
FNDA:0,_ZN7testing8internal16UniversalPrinterIiE5PrintERKiPSo
FNDA:0,_ZN7testing8internal16UniversalPrinterISt6vectorIiSaIiEEE5PrintERKS4_PSo
FNDA:0,_ZN7testing8internal21UniversalTersePrinterISt6vectorIiSaIiEEE5PrintERKS4_PSo
FNDA:0,_ZN7testing8internal14UniversalPrintIiEEvRKT_PSo
FNDA:0,_ZN7testing8internal14UniversalPrintISt6vectorIiSaIiEEEEvRKT_PSo
FNDA:0,_ZN7testing13PrintToStringISt6vectorIiSaIiEEEENSt7__cxx1112basic_stringIcSt11char_traitsIcESaIcEEERKT_
FNF:13
FNH:0
DA:222,0
DA:249,0
DA:250,0
DA:275,0
DA:276,0
DA:349,0
DA:351,0
DA:378,0
DA:380,0
DA:381,0
DA:382,0
DA:383,0
DA:384,0
DA:385,0
DA:386,0
DA:387,0
DA:388,0
DA:389,0
DA:392,0
DA:395,0
DA:398,0
DA:399,0
DA:401,0
DA:402,0
DA:442,0
DA:444,0
DA:445,0
DA:459,0
DA:481,0
DA:494,0
DA:714,0
DA:723,0
DA:724,0
DA:799,0
DA:800,0
DA:801,0
DA:868,0
DA:872,0
DA:873,0
DA:996,0
DA:997,0
DA:998,0
DA:999,0
LF:43
LH:0
end_of_record
SF:/home/mrodriguezz/Desktop/TPI/MIR/lib/googletest-master/googletest/include/gtest/gtest.h
FN:256,_ZN7testing15AssertionResultD2Ev
FN:288,_ZNK7testing15AssertionResultcvbEv
FN:297,_ZNK7testing15AssertionResult7messageEv
FN:302,_ZNK7testing15AssertionResult15failure_messageEv
FN:389,_ZN7testing4Test13SetUpTestCaseEv
FN:397,_ZN7testing4Test16TearDownTestCaseEv
FN:474,_ZN7testing4Test5SetupEv
FN:1375,_ZN7testing8internal18CmpHelperEQFailureISt6vectorIiSaIiEES4_EENS_15AssertionResultEPKcS7_RKT_RKT0_
FN:1387,_ZN7testing8internal11CmpHelperEQISt6vectorIiSaIiEES4_EENS_15AssertionResultEPKcS7_RKT_RKT0_
FN:1417,_ZN7testing8internal8EqHelperILb0EE7CompareISt6vectorIiSaIiEES6_EENS_15AssertionResultEPKcS9_RKT_RKT0_
FNDA:0,_ZN7testing15AssertionResultD2Ev
FNDA:0,_ZNK7testing15AssertionResultcvbEv
FNDA:0,_ZNK7testing15AssertionResult7messageEv
FNDA:0,_ZNK7testing15AssertionResult15failure_messageEv
FNDA:0,_ZN7testing4Test13SetUpTestCaseEv
FNDA:0,_ZN7testing4Test16TearDownTestCaseEv
FNDA:0,_ZN7testing4Test5SetupEv
FNDA:0,_ZN7testing8internal18CmpHelperEQFailureISt6vectorIiSaIiEES4_EENS_15AssertionResultEPKcS7_RKT_RKT0_
FNDA:0,_ZN7testing8internal11CmpHelperEQISt6vectorIiSaIiEES4_EENS_15AssertionResultEPKcS7_RKT_RKT0_
FNDA:0,_ZN7testing8internal8EqHelperILb0EE7CompareISt6vectorIiSaIiEES6_EENS_15AssertionResultEPKcS9_RKT_RKT0_
FNF:10
FNH:0
DA:256,0
DA:288,0
DA:297,0
DA:298,0
DA:302,0
DA:389,0
DA:397,0
DA:474,0
DA:1375,0
DA:1382,0
DA:1387,0
DA:1392,0
DA:1393,0
DA:1397,0
DA:1417,0
DA:1421,0
LF:16
LH:0
end_of_record
SF:/home/mrodriguezz/Desktop/TPI/MIR/lib/googletest-master/googletest/include/gtest/internal/gtest-internal.h
FN:466,_ZN7testing8internal15TestFactoryBaseD0Ev
FN:466,_ZN7testing8internal15TestFactoryBaseD2Ev
FN:473,_ZN7testing8internal15TestFactoryBaseC2Ev
FN:482,_ZN7testing8internal15TestFactoryImplI47reemplazarSubAudioTEST_unElementoYPresente_TestED2Ev
FN:482,_ZN7testing8internal15TestFactoryImplI40reemplazarSubAudioTEST_a1_noAparece_TestEC2Ev
FN:482,_ZN7testing8internal15TestFactoryImplI42reemplazarSubAudioTEST_a1_AlPrincipio_TestED2Ev
FN:482,_ZN7testing8internal15TestFactoryImplI38reemplazarSubAudioTEST_a1_AlFinal_TestED2Ev
FN:482,_ZN7testing8internal15TestFactoryImplI40reemplazarSubAudioTEST_a1_EnElMedio_TestED0Ev
FN:482,_ZN7testing8internal15TestFactoryImplI47reemplazarSubAudioTEST_unElementoYPresente_TestEC2Ev
FN:482,_ZN7testing8internal15TestFactoryImplI47reemplazarSubAudioTEST_unElementoYPresente_TestED0Ev
FN:482,_ZN7testing8internal15TestFactoryImplI40reemplazarSubAudioTEST_a1_noAparece_TestED2Ev
FN:482,_ZN7testing8internal15TestFactoryImplI42reemplazarSubAudioTEST_a1_esIgualA_a2_TestED2Ev
FN:482,_ZN7testing8internal15TestFactoryImplI42reemplazarSubAudioTEST_a1_esIgualA_a2_TestEC2Ev
FN:482,_ZN7testing8internal15TestFactoryImplI38reemplazarSubAudioTEST_a1_AlFinal_TestED0Ev
FN:482,_ZN7testing8internal15TestFactoryImplI38reemplazarSubAudioTEST_a1_AlFinal_TestEC2Ev
FN:482,_ZN7testing8internal15TestFactoryImplI40reemplazarSubAudioTEST_a1_noAparece_TestED0Ev
FN:482,_ZN7testing8internal15TestFactoryImplI42reemplazarSubAudioTEST_a1_AlPrincipio_TestED0Ev
FN:482,_ZN7testing8internal15TestFactoryImplI40reemplazarSubAudioTEST_a1_EnElMedio_TestEC2Ev
FN:482,_ZN7testing8internal15TestFactoryImplI42reemplazarSubAudioTEST_a1_esIgualA_a2_TestED0Ev
FN:482,_ZN7testing8internal15TestFactoryImplI40reemplazarSubAudioTEST_a1_EnElMedio_TestED2Ev
FN:482,_ZN7testing8internal15TestFactoryImplI42reemplazarSubAudioTEST_a1_AlPrincipio_TestEC2Ev
FN:484,_ZN7testing8internal15TestFactoryImplI42reemplazarSubAudioTEST_a1_AlPrincipio_TestE10CreateTestEv
FN:484,_ZN7testing8internal15TestFactoryImplI47reemplazarSubAudioTEST_unElementoYPresente_TestE10CreateTestEv
FN:484,_ZN7testing8internal15TestFactoryImplI40reemplazarSubAudioTEST_a1_noAparece_TestE10CreateTestEv
FN:484,_ZN7testing8internal15TestFactoryImplI40reemplazarSubAudioTEST_a1_EnElMedio_TestE10CreateTestEv
FN:484,_ZN7testing8internal15TestFactoryImplI38reemplazarSubAudioTEST_a1_AlFinal_TestE10CreateTestEv
FN:484,_ZN7testing8internal15TestFactoryImplI42reemplazarSubAudioTEST_a1_esIgualA_a2_TestE10CreateTestEv
FN:504,_ZN7testing8internal12CodeLocationD2Ev
FN:505,_ZN7testing8internal12CodeLocationC2ERKNSt7__cxx1112basic_stringIcSt11char_traitsIcESaIcEEEi
FNDA:0,_ZN7testing8internal15TestFactoryBaseD0Ev
FNDA:0,_ZN7testing8internal15TestFactoryBaseD2Ev
FNDA:0,_ZN7testing8internal15TestFactoryBaseC2Ev
FNDA:12,_ZN7testing8internal15TestFactoryImplI47reemplazarSubAudioTEST_unElementoYPresente_TestED0Ev
FNDA:12,_ZN7testing8internal15TestFactoryImplI47reemplazarSubAudioTEST_unElementoYPresente_TestED2Ev
FNDA:12,_ZN7testing8internal15TestFactoryImplI40reemplazarSubAudioTEST_a1_EnElMedio_TestED0Ev
FNDA:12,_ZN7testing8internal15TestFactoryImplI40reemplazarSubAudioTEST_a1_EnElMedio_TestED2Ev
FNDA:12,_ZN7testing8internal15TestFactoryImplI42reemplazarSubAudioTEST_a1_AlPrincipio_TestED0Ev
FNDA:12,_ZN7testing8internal15TestFactoryImplI42reemplazarSubAudioTEST_a1_AlPrincipio_TestED2Ev
FNDA:12,_ZN7testing8internal15TestFactoryImplI38reemplazarSubAudioTEST_a1_AlFinal_TestED0Ev
FNDA:12,_ZN7testing8internal15TestFactoryImplI38reemplazarSubAudioTEST_a1_AlFinal_TestED2Ev
FNDA:12,_ZN7testing8internal15TestFactoryImplI40reemplazarSubAudioTEST_a1_noAparece_TestED0Ev
FNDA:12,_ZN7testing8internal15TestFactoryImplI40reemplazarSubAudioTEST_a1_noAparece_TestED2Ev
FNDA:12,_ZN7testing8internal15TestFactoryImplI42reemplazarSubAudioTEST_a1_esIgualA_a2_TestED0Ev
FNDA:12,_ZN7testing8internal15TestFactoryImplI42reemplazarSubAudioTEST_a1_esIgualA_a2_TestED2Ev
FNDA:12,_ZN7testing8internal15TestFactoryImplI42reemplazarSubAudioTEST_a1_esIgualA_a2_TestEC2Ev
FNDA:12,_ZN7testing8internal15TestFactoryImplI40reemplazarSubAudioTEST_a1_noAparece_TestEC2Ev
FNDA:12,_ZN7testing8internal15TestFactoryImplI38reemplazarSubAudioTEST_a1_AlFinal_TestEC2Ev
FNDA:12,_ZN7testing8internal15TestFactoryImplI42reemplazarSubAudioTEST_a1_AlPrincipio_TestEC2Ev
FNDA:12,_ZN7testing8internal15TestFactoryImplI40reemplazarSubAudioTEST_a1_EnElMedio_TestEC2Ev
FNDA:12,_ZN7testing8internal15TestFactoryImplI47reemplazarSubAudioTEST_unElementoYPresente_TestEC2Ev
FNDA:7,_ZN7testing8internal15TestFactoryImplI47reemplazarSubAudioTEST_unElementoYPresente_TestE10CreateTestEv
FNDA:7,_ZN7testing8internal15TestFactoryImplI40reemplazarSubAudioTEST_a1_EnElMedio_TestE10CreateTestEv
FNDA:7,_ZN7testing8internal15TestFactoryImplI42reemplazarSubAudioTEST_a1_AlPrincipio_TestE10CreateTestEv
FNDA:7,_ZN7testing8internal15TestFactoryImplI38reemplazarSubAudioTEST_a1_AlFinal_TestE10CreateTestEv
FNDA:7,_ZN7testing8internal15TestFactoryImplI40reemplazarSubAudioTEST_a1_noAparece_TestE10CreateTestEv
FNDA:7,_ZN7testing8internal15TestFactoryImplI42reemplazarSubAudioTEST_a1_esIgualA_a2_TestE10CreateTestEv
FNDA:0,_ZN7testing8internal12CodeLocationD2Ev
FNDA:0,_ZN7testing8internal12CodeLocationC2ERKNSt7__cxx1112basic_stringIcSt11char_traitsIcESaIcEEEi
FNF:29
FNH:24
DA:466,0
DA:473,0
DA:482,216
DA:484,42
DA:504,0
DA:505,0
DA:506,0
LF:7
LH:2
end_of_record
SF:/home/mrodriguezz/Desktop/TPI/MIR/lib/googletest-master/googletest/include/gtest/internal/gtest-port.h
FN:1157,_ZN7testing8internal10scoped_ptrINSt7__cxx1118basic_stringstreamIcSt11char_traitsIcESaIcEEEED2Ev
FN:1157,_ZN7testing8internal10scoped_ptrINSt7__cxx1112basic_stringIcSt11char_traitsIcESaIcEEEED2Ev
FN:1160,_ZNK7testing8internal10scoped_ptrINSt7__cxx1112basic_stringIcSt11char_traitsIcESaIcEEEEptEv
FN:1161,_ZNK7testing8internal10scoped_ptrINSt7__cxx1112basic_stringIcSt11char_traitsIcESaIcEEEE3getEv
FN:1169,_ZN7testing8internal10scoped_ptrINSt7__cxx1118basic_stringstreamIcSt11char_traitsIcESaIcEEEE5resetEPS7_
FN:1169,_ZN7testing8internal10scoped_ptrINSt7__cxx1112basic_stringIcSt11char_traitsIcESaIcEEEE5resetEPS7_
FNDA:0,_ZN7testing8internal10scoped_ptrINSt7__cxx1112basic_stringIcSt11char_traitsIcESaIcEEEED2Ev
FNDA:0,_ZN7testing8internal10scoped_ptrINSt7__cxx1118basic_stringstreamIcSt11char_traitsIcESaIcEEEED2Ev
FNDA:0,_ZNK7testing8internal10scoped_ptrINSt7__cxx1112basic_stringIcSt11char_traitsIcESaIcEEEEptEv
FNDA:0,_ZNK7testing8internal10scoped_ptrINSt7__cxx1112basic_stringIcSt11char_traitsIcESaIcEEEE3getEv
FNDA:0,_ZN7testing8internal10scoped_ptrINSt7__cxx1118basic_stringstreamIcSt11char_traitsIcESaIcEEEE5resetEPS7_
FNDA:0,_ZN7testing8internal10scoped_ptrINSt7__cxx1112basic_stringIcSt11char_traitsIcESaIcEEEE5resetEPS7_
FNF:6
FNH:0
DA:1157,0
DA:1160,0
DA:1161,0
DA:1169,0
DA:1170,0
DA:1171,0
DA:1172,0
DA:1174,0
DA:1176,0
LF:9
LH:0
end_of_record
SF:/home/mrodriguezz/Desktop/TPI/MIR/tests/reemplazarSubAudio.cpp
FN:7,_ZN47reemplazarSubAudioTEST_unElementoYPresente_TestD2Ev
FN:7,_ZN47reemplazarSubAudioTEST_unElementoYPresente_TestC2Ev
FN:7,_ZN47reemplazarSubAudioTEST_unElementoYPresente_Test8TestBodyEv
FN:7,_ZN47reemplazarSubAudioTEST_unElementoYPresente_TestD0Ev
FN:19,_ZN40reemplazarSubAudioTEST_a1_EnElMedio_Test8TestBodyEv
FN:19,_ZN40reemplazarSubAudioTEST_a1_EnElMedio_TestD2Ev
FN:19,_ZN40reemplazarSubAudioTEST_a1_EnElMedio_TestD0Ev
FN:19,_ZN40reemplazarSubAudioTEST_a1_EnElMedio_TestC2Ev
FN:31,_ZN42reemplazarSubAudioTEST_a1_AlPrincipio_Test8TestBodyEv
FN:31,_ZN42reemplazarSubAudioTEST_a1_AlPrincipio_TestD0Ev
FN:31,_ZN42reemplazarSubAudioTEST_a1_AlPrincipio_TestD2Ev
FN:31,_ZN42reemplazarSubAudioTEST_a1_AlPrincipio_TestC2Ev
FN:43,_ZN38reemplazarSubAudioTEST_a1_AlFinal_TestD0Ev
FN:43,_ZN38reemplazarSubAudioTEST_a1_AlFinal_TestD2Ev
FN:43,_ZN38reemplazarSubAudioTEST_a1_AlFinal_Test8TestBodyEv
FN:43,_ZN38reemplazarSubAudioTEST_a1_AlFinal_TestC2Ev
FN:55,_ZN40reemplazarSubAudioTEST_a1_noAparece_TestD2Ev
FN:55,_ZN40reemplazarSubAudioTEST_a1_noAparece_TestD0Ev
FN:55,_ZN40reemplazarSubAudioTEST_a1_noAparece_Test8TestBodyEv
FN:55,_ZN40reemplazarSubAudioTEST_a1_noAparece_TestC2Ev
FN:67,_ZN42reemplazarSubAudioTEST_a1_esIgualA_a2_TestD0Ev
FN:67,_ZN42reemplazarSubAudioTEST_a1_esIgualA_a2_Test8TestBodyEv
FN:67,_ZN42reemplazarSubAudioTEST_a1_esIgualA_a2_TestD2Ev
FN:67,_ZN42reemplazarSubAudioTEST_a1_esIgualA_a2_TestC2Ev
FN:77,_Z41__static_initialization_and_destruction_0ii
FN:77,_GLOBAL__sub_I__ZN47reemplazarSubAudioTEST_unElementoYPresente_Test10test_info_E
FNDA:7,_ZN47reemplazarSubAudioTEST_unElementoYPresente_TestD0Ev
FNDA:7,_ZN47reemplazarSubAudioTEST_unElementoYPresente_TestD2Ev
FNDA:7,_ZN47reemplazarSubAudioTEST_unElementoYPresente_Test8TestBodyEv
FNDA:7,_ZN47reemplazarSubAudioTEST_unElementoYPresente_TestC2Ev
FNDA:7,_ZN40reemplazarSubAudioTEST_a1_EnElMedio_TestD0Ev
FNDA:7,_ZN40reemplazarSubAudioTEST_a1_EnElMedio_TestD2Ev
FNDA:7,_ZN40reemplazarSubAudioTEST_a1_EnElMedio_Test8TestBodyEv
FNDA:7,_ZN40reemplazarSubAudioTEST_a1_EnElMedio_TestC2Ev
FNDA:7,_ZN42reemplazarSubAudioTEST_a1_AlPrincipio_TestD0Ev
FNDA:7,_ZN42reemplazarSubAudioTEST_a1_AlPrincipio_TestD2Ev
FNDA:7,_ZN42reemplazarSubAudioTEST_a1_AlPrincipio_Test8TestBodyEv
FNDA:7,_ZN42reemplazarSubAudioTEST_a1_AlPrincipio_TestC2Ev
FNDA:7,_ZN38reemplazarSubAudioTEST_a1_AlFinal_TestD0Ev
FNDA:7,_ZN38reemplazarSubAudioTEST_a1_AlFinal_TestD2Ev
FNDA:7,_ZN38reemplazarSubAudioTEST_a1_AlFinal_Test8TestBodyEv
FNDA:7,_ZN38reemplazarSubAudioTEST_a1_AlFinal_TestC2Ev
FNDA:7,_ZN40reemplazarSubAudioTEST_a1_noAparece_TestD0Ev
FNDA:7,_ZN40reemplazarSubAudioTEST_a1_noAparece_TestD2Ev
FNDA:7,_ZN40reemplazarSubAudioTEST_a1_noAparece_Test8TestBodyEv
FNDA:7,_ZN40reemplazarSubAudioTEST_a1_noAparece_TestC2Ev
FNDA:7,_ZN42reemplazarSubAudioTEST_a1_esIgualA_a2_TestD0Ev
FNDA:7,_ZN42reemplazarSubAudioTEST_a1_esIgualA_a2_TestD2Ev
FNDA:7,_ZN42reemplazarSubAudioTEST_a1_esIgualA_a2_Test8TestBodyEv
FNDA:7,_ZN42reemplazarSubAudioTEST_a1_esIgualA_a2_TestC2Ev
FNDA:12,_GLOBAL__sub_I__ZN47reemplazarSubAudioTEST_unElementoYPresente_Test10test_info_E
FNDA:12,_Z41__static_initialization_and_destruction_0ii
FNF:26
FNH:26
DA:7,40
DA:8,14
DA:9,14
DA:10,14
DA:11,7
DA:12,14
DA:14,7
DA:16,7
DA:19,40
DA:20,14
DA:21,14
DA:22,14
DA:23,14
DA:24,7
DA:26,7
DA:28,7
DA:31,40
DA:32,14
DA:33,14
DA:34,14
DA:35,7
DA:36,14
DA:38,7
DA:40,7
DA:43,40
DA:44,12
DA:45,12
DA:46,12
DA:47,7
DA:48,12
DA:50,7
DA:52,7
DA:55,40
DA:56,14
DA:57,14
DA:58,14
DA:59,7
DA:60,14
DA:62,7
DA:64,7
DA:67,40
DA:68,14
DA:69,14
DA:70,14
DA:71,7
DA:72,14
DA:74,7
DA:76,7
DA:77,36
LF:49
LH:49
end_of_record
SF:/usr/include/c++/7/bits/alloc_traits.h
FN:435,_ZNSt16allocator_traitsISaIiEE8allocateERS0_m
FN:461,_ZNSt16allocator_traitsISaIiEE10deallocateERS0_Pim
FN:504,_ZNSt16allocator_traitsISaIiEE37select_on_container_copy_constructionERKS0_
FNDA:0,_ZNSt16allocator_traitsISaIiEE8allocateERS0_m
FNDA:0,_ZNSt16allocator_traitsISaIiEE10deallocateERS0_Pim
FNDA:0,_ZNSt16allocator_traitsISaIiEE37select_on_container_copy_constructionERKS0_
FNF:3
FNH:0
DA:435,0
DA:436,0
DA:461,0
DA:462,0
DA:504,0
DA:505,0
LF:6
LH:0
end_of_record
SF:/usr/include/c++/7/bits/allocator.h
FN:131,_ZNSaIiEC2Ev
FN:133,_ZNSaIiEC2ERKS_
FN:139,_ZNSaIiED2Ev
FNDA:0,_ZNSaIiEC2Ev
FNDA:0,_ZNSaIiEC2ERKS_
FNDA:0,_ZNSaIiED2Ev
FNF:3
FNH:0
DA:131,0
DA:133,0
DA:134,0
DA:139,0
LF:4
LH:0
end_of_record
SF:/usr/include/c++/7/bits/cpp_type_traits.h
FN:408,_ZSt12__miter_baseIN9__gnu_cxx17__normal_iteratorIPKiSt6vectorIiSaIiEEEEET_S8_
FN:408,_ZSt12__miter_baseIPKiET_S2_
FNDA:0,_ZSt12__miter_baseIPKiET_S2_
FNDA:0,_ZSt12__miter_baseIN9__gnu_cxx17__normal_iteratorIPKiSt6vectorIiSaIiEEEEET_S8_
FNF:2
FNH:0
DA:408,0
DA:409,0
LF:2
LH:0
end_of_record
SF:/usr/include/c++/7/bits/ios_base.h
FN:129,_ZStorSt13_Ios_OpenmodeS_
FNDA:0,_ZStorSt13_Ios_OpenmodeS_
FNF:1
FNH:0
DA:129,0
DA:130,0
LF:2
LH:0
end_of_record
SF:/usr/include/c++/7/bits/stl_algobase.h
FN:277,_ZSt12__niter_baseIPKiET_S2_
FN:277,_ZSt12__niter_baseIPiET_S1_
FN:357,_ZNSt11__copy_moveILb0ELb1ESt26random_access_iterator_tagE8__copy_mIiEEPT_PKS3_S6_S4_
FN:375,_ZSt13__copy_move_aILb0EPKiPiET1_T0_S4_S3_
FN:420,_ZSt14__copy_move_a2ILb0EPKiPiET1_T0_S4_S3_
FN:420,_ZSt14__copy_move_a2ILb0EN9__gnu_cxx17__normal_iteratorIPKiSt6vectorIiSaIiEEEEPiET1_T0_SA_S9_
FN:446,_ZSt4copyIN9__gnu_cxx17__normal_iteratorIPKiSt6vectorIiSaIiEEEEPiET0_T_SA_S9_
FN:446,_ZSt4copyIPKiPiET0_T_S4_S3_
FN:811,_ZNSt7__equalILb1EE5equalIiEEbPKT_S4_S4_
FN:821,_ZSt11__equal_auxIPKiS1_EbT_S2_T0_
FN:1041,_ZSt5equalIN9__gnu_cxx17__normal_iteratorIPKiSt6vectorIiSaIiEEEES7_EbT_S8_T0_
FNDA:0,_ZSt12__niter_baseIPKiET_S2_
FNDA:0,_ZSt12__niter_baseIPiET_S1_
FNDA:0,_ZNSt11__copy_moveILb0ELb1ESt26random_access_iterator_tagE8__copy_mIiEEPT_PKS3_S6_S4_
FNDA:0,_ZSt13__copy_move_aILb0EPKiPiET1_T0_S4_S3_
FNDA:0,_ZSt14__copy_move_a2ILb0EPKiPiET1_T0_S4_S3_
FNDA:0,_ZSt14__copy_move_a2ILb0EN9__gnu_cxx17__normal_iteratorIPKiSt6vectorIiSaIiEEEEPiET1_T0_SA_S9_
FNDA:0,_ZSt4copyIPKiPiET0_T_S4_S3_
FNDA:0,_ZSt4copyIN9__gnu_cxx17__normal_iteratorIPKiSt6vectorIiSaIiEEEEPiET0_T_SA_S9_
FNDA:0,_ZNSt7__equalILb1EE5equalIiEEbPKT_S4_S4_
FNDA:0,_ZSt11__equal_auxIPKiS1_EbT_S2_T0_
FNDA:0,_ZSt5equalIN9__gnu_cxx17__normal_iteratorIPKiSt6vectorIiSaIiEEEES7_EbT_S8_T0_
FNF:11
FNH:0
DA:277,0
DA:278,0
DA:357,0
DA:366,0
DA:367,0
DA:368,0
DA:369,0
DA:375,0
DA:380,0
DA:386,0
DA:420,0
DA:422,0
DA:424,0
DA:446,0
DA:455,0
DA:456,0
DA:811,0
DA:813,0
DA:814,0
DA:815,0
DA:821,0
DA:825,0
DA:831,0
DA:1041,0
DA:1051,0
DA:1053,0
LF:26
LH:0
end_of_record
SF:/usr/include/c++/7/bits/stl_construct.h
FN:117,_ZNSt12_Destroy_auxILb1EE9__destroyIPiEEvT_S3_
FN:127,_ZSt8_DestroyIPiEvT_S1_
FN:203,_ZSt8_DestroyIPiiEvT_S1_RSaIT0_E
FNDA:0,_ZNSt12_Destroy_auxILb1EE9__destroyIPiEEvT_S3_
FNDA:0,_ZSt8_DestroyIPiEvT_S1_
FNDA:0,_ZSt8_DestroyIPiiEvT_S1_RSaIT0_E
FNF:3
FNH:0
DA:117,0
DA:127,0
DA:137,0
DA:138,0
DA:203,0
DA:206,0
DA:207,0
LF:7
LH:0
end_of_record
SF:/usr/include/c++/7/bits/stl_iterator.h
FN:782,_ZN9__gnu_cxx17__normal_iteratorIPKiSt6vectorIiSaIiEEEC2ERKS2_
FN:795,_ZNK9__gnu_cxx17__normal_iteratorIPKiSt6vectorIiSaIiEEEdeEv
FN:803,_ZN9__gnu_cxx17__normal_iteratorIPKiSt6vectorIiSaIiEEEppEv
FN:847,_ZNK9__gnu_cxx17__normal_iteratorIPKiSt6vectorIiSaIiEEE4baseEv
FN:883,_ZN9__gnu_cxxneIPKiSt6vectorIiSaIiEEEEbRKNS_17__normal_iteratorIT_T0_EESB_
FN:986,_ZSt12__niter_baseIPKiSt6vectorIiSaIiEEET_N9__gnu_cxx17__normal_iteratorIS5_T0_EE
FNDA:0,_ZN9__gnu_cxx17__normal_iteratorIPKiSt6vectorIiSaIiEEEC2ERKS2_
FNDA:0,_ZNK9__gnu_cxx17__normal_iteratorIPKiSt6vectorIiSaIiEEEdeEv
FNDA:0,_ZN9__gnu_cxx17__normal_iteratorIPKiSt6vectorIiSaIiEEEppEv
FNDA:0,_ZNK9__gnu_cxx17__normal_iteratorIPKiSt6vectorIiSaIiEEE4baseEv
FNDA:0,_ZN9__gnu_cxxneIPKiSt6vectorIiSaIiEEEEbRKNS_17__normal_iteratorIT_T0_EESB_
FNDA:0,_ZSt12__niter_baseIPKiSt6vectorIiSaIiEEET_N9__gnu_cxx17__normal_iteratorIS5_T0_EE
FNF:6
FNH:0
DA:782,0
DA:783,0
DA:795,0
DA:796,0
DA:803,0
DA:805,0
DA:806,0
DA:847,0
DA:848,0
DA:883,0
DA:886,0
DA:986,0
DA:987,0
LF:13
LH:0
end_of_record
SF:/usr/include/c++/7/bits/stl_iterator_base_funcs.h
FN:98,_ZSt10__distanceIPKiENSt15iterator_traitsIT_E15difference_typeES3_S3_St26random_access_iterator_tag
FN:138,_ZSt8distanceIPKiENSt15iterator_traitsIT_E15difference_typeES3_S3_
FNDA:0,_ZSt10__distanceIPKiENSt15iterator_traitsIT_E15difference_typeES3_S3_St26random_access_iterator_tag
FNDA:0,_ZSt8distanceIPKiENSt15iterator_traitsIT_E15difference_typeES3_S3_
FNF:2
FNH:0
DA:98,0
DA:104,0
DA:138,0
DA:141,0
DA:142,0
LF:5
LH:0
end_of_record
SF:/usr/include/c++/7/bits/stl_iterator_base_types.h
FN:205,_ZSt19__iterator_categoryIPKiENSt15iterator_traitsIT_E17iterator_categoryERKS3_
FNDA:0,_ZSt19__iterator_categoryIPKiENSt15iterator_traitsIT_E17iterator_categoryERKS3_
FNF:1
FNH:0
DA:205,0
DA:206,0
LF:2
LH:0
end_of_record
SF:/usr/include/c++/7/bits/stl_uninitialized.h
FN:99,_ZNSt20__uninitialized_copyILb1EE13__uninit_copyIN9__gnu_cxx17__normal_iteratorIPKiSt6vectorIiSaIiEEEEPiEET0_T_SC_SB_
FN:99,_ZNSt20__uninitialized_copyILb1EE13__uninit_copyIPKiPiEET0_T_S6_S5_
FN:115,_ZSt18uninitialized_copyIPKiPiET0_T_S4_S3_
FN:115,_ZSt18uninitialized_copyIN9__gnu_cxx17__normal_iteratorIPKiSt6vectorIiSaIiEEEEPiET0_T_SA_S9_
FN:287,_ZSt22__uninitialized_copy_aIN9__gnu_cxx17__normal_iteratorIPKiSt6vectorIiSaIiEEEEPiiET0_T_SA_S9_RSaIT1_E
FN:287,_ZSt22__uninitialized_copy_aIPKiPiiET0_T_S4_S3_RSaIT1_E
FNDA:0,_ZNSt20__uninitialized_copyILb1EE13__uninit_copyIPKiPiEET0_T_S6_S5_
FNDA:0,_ZNSt20__uninitialized_copyILb1EE13__uninit_copyIN9__gnu_cxx17__normal_iteratorIPKiSt6vectorIiSaIiEEEEPiEET0_T_SC_SB_
FNDA:0,_ZSt18uninitialized_copyIPKiPiET0_T_S4_S3_
FNDA:0,_ZSt18uninitialized_copyIN9__gnu_cxx17__normal_iteratorIPKiSt6vectorIiSaIiEEEEPiET0_T_SA_S9_
FNDA:0,_ZSt22__uninitialized_copy_aIPKiPiiET0_T_S4_S3_RSaIT1_E
FNDA:0,_ZSt22__uninitialized_copy_aIN9__gnu_cxx17__normal_iteratorIPKiSt6vectorIiSaIiEEEEPiiET0_T_SA_S9_RSaIT1_E
FNF:6
FNH:0
DA:99,0
DA:101,0
DA:115,0
DA:128,0
DA:134,0
DA:287,0
DA:289,0
LF:7
LH:0
end_of_record
SF:/usr/include/c++/7/bits/stl_vector.h
FN:81,_ZNSt12_Vector_baseIiSaIiEE12_Vector_implD2Ev
FN:92,_ZNSt12_Vector_baseIiSaIiEE12_Vector_implC2ERKS0_
FN:115,_ZNSt12_Vector_baseIiSaIiEE19_M_get_Tp_allocatorEv
FN:119,_ZNKSt12_Vector_baseIiSaIiEE19_M_get_Tp_allocatorEv
FN:129,_ZNSt12_Vector_baseIiSaIiEEC2ERKS0_
FN:136,_ZNSt12_Vector_baseIiSaIiEEC2EmRKS0_
FN:161,_ZNSt12_Vector_baseIiSaIiEED2Ev
FN:169,_ZNSt12_Vector_baseIiSaIiEE11_M_allocateEm
FN:176,_ZNSt12_Vector_baseIiSaIiEE13_M_deallocateEPim
FN:185,_ZNSt12_Vector_baseIiSaIiEE17_M_create_storageEm
FN:326,_ZNSt6vectorIiSaIiEEC2ERKS1_
FN:383,_ZNSt6vectorIiSaIiEEC2ESt16initializer_listIiERKS0_
FN:433,_ZNSt6vectorIiSaIiEED2Ev
FN:572,_ZNKSt6vectorIiSaIiEE5beginEv
FN:590,_ZNKSt6vectorIiSaIiEE3endEv
FN:670,_ZNKSt6vectorIiSaIiEE4sizeEv
FN:1324,_ZNSt6vectorIiSaIiEE19_M_range_initializeIPKiEEvT_S5_St20forward_iterator_tag
FN:1601,_ZSteqIiSaIiEEbRKSt6vectorIT_T0_ES6_
FNDA:0,_ZNSt12_Vector_baseIiSaIiEE12_Vector_implD2Ev
FNDA:0,_ZNSt12_Vector_baseIiSaIiEE12_Vector_implC2ERKS0_
FNDA:0,_ZNSt12_Vector_baseIiSaIiEE19_M_get_Tp_allocatorEv
FNDA:0,_ZNKSt12_Vector_baseIiSaIiEE19_M_get_Tp_allocatorEv
FNDA:0,_ZNSt12_Vector_baseIiSaIiEEC2ERKS0_
FNDA:0,_ZNSt12_Vector_baseIiSaIiEEC2EmRKS0_
FNDA:0,_ZNSt12_Vector_baseIiSaIiEED2Ev
FNDA:0,_ZNSt12_Vector_baseIiSaIiEE11_M_allocateEm
FNDA:0,_ZNSt12_Vector_baseIiSaIiEE13_M_deallocateEPim
FNDA:0,_ZNSt12_Vector_baseIiSaIiEE17_M_create_storageEm
FNDA:0,_ZNSt6vectorIiSaIiEEC2ERKS1_
FNDA:0,_ZNSt6vectorIiSaIiEEC2ESt16initializer_listIiERKS0_
FNDA:0,_ZNSt6vectorIiSaIiEED2Ev
FNDA:0,_ZNKSt6vectorIiSaIiEE5beginEv
FNDA:0,_ZNKSt6vectorIiSaIiEE3endEv
FNDA:0,_ZNKSt6vectorIiSaIiEE4sizeEv
FNDA:0,_ZNSt6vectorIiSaIiEE19_M_range_initializeIPKiEEvT_S5_St20forward_iterator_tag
FNDA:0,_ZSteqIiSaIiEEbRKSt6vectorIT_T0_ES6_
FNF:18
FNH:0
DA:81,0
DA:92,0
DA:93,0
DA:94,0
DA:115,0
DA:116,0
DA:119,0
DA:120,0
DA:129,0
DA:130,0
DA:136,0
DA:137,0
DA:138,0
DA:161,0
DA:162,0
DA:163,0
DA:169,0
DA:172,0
DA:176,0
DA:179,0
DA:180,0
DA:181,0
DA:185,0
DA:187,0
DA:188,0
DA:189,0
DA:190,0
DA:326,0
DA:328,0
DA:330,0
DA:331,0
DA:333,0
DA:334,0
DA:383,0
DA:385,0
DA:387,0
DA:389,0
DA:433,0
DA:434,0
DA:435,0
DA:572,0
DA:573,0
DA:590,0
DA:591,0
DA:670,0
DA:671,0
DA:1324,0
DA:1327,0
DA:1328,0
DA:1329,0
DA:1330,0
DA:1331,0
DA:1333,0
DA:1334,0
DA:1601,0
DA:1602,0
DA:1603,0
LF:57
LH:0
end_of_record
SF:/usr/include/c++/7/ext/alloc_traits.h
FN:94,_ZN9__gnu_cxx14__alloc_traitsISaIiEE17_S_select_on_copyERKS1_
FNDA:0,_ZN9__gnu_cxx14__alloc_traitsISaIiEE17_S_select_on_copyERKS1_
FNF:1
FNH:0
DA:94,0
DA:95,0
LF:2
LH:0
end_of_record
SF:/usr/include/c++/7/ext/new_allocator.h
FN:79,_ZN9__gnu_cxx13new_allocatorIiEC2Ev
FN:81,_ZN9__gnu_cxx13new_allocatorIiEC2ERKS1_
FN:86,_ZN9__gnu_cxx13new_allocatorIiED2Ev
FN:99,_ZN9__gnu_cxx13new_allocatorIiE8allocateEmPKv
FN:116,_ZN9__gnu_cxx13new_allocatorIiE10deallocateEPim
FN:129,_ZNK9__gnu_cxx13new_allocatorIiE8max_sizeEv
FNDA:0,_ZN9__gnu_cxx13new_allocatorIiEC2Ev
FNDA:0,_ZN9__gnu_cxx13new_allocatorIiEC2ERKS1_
FNDA:0,_ZN9__gnu_cxx13new_allocatorIiED2Ev
FNDA:0,_ZN9__gnu_cxx13new_allocatorIiE8allocateEmPKv
FNDA:0,_ZN9__gnu_cxx13new_allocatorIiE10deallocateEPim
FNDA:0,_ZNK9__gnu_cxx13new_allocatorIiE8max_sizeEv
FNF:6
FNH:0
DA:79,0
DA:81,0
DA:86,0
DA:99,0
DA:101,0
DA:102,0
DA:111,0
DA:116,0
DA:125,0
DA:126,0
DA:129,0
DA:130,0
LF:12
LH:0
end_of_record
SF:/usr/include/c++/7/initializer_list
FN:71,_ZNKSt16initializer_listIiE4sizeEv
FN:75,_ZNKSt16initializer_listIiE5beginEv
FN:79,_ZNKSt16initializer_listIiE3endEv
FNDA:0,_ZNKSt16initializer_listIiE4sizeEv
FNDA:0,_ZNKSt16initializer_listIiE5beginEv
FNDA:0,_ZNKSt16initializer_listIiE3endEv
FNF:3
FNH:0
DA:71,0
DA:75,0
DA:79,0
LF:3
LH:0
end_of_record
SF:/usr/include/c++/7/iostream
DA:74,12
LF:1
LH:1
end_of_record
TN:
SF:/home/mrodriguezz/Desktop/TPI/MIR/lib/googletest-master/googletest/include/gtest/gtest-message.h
FN:85,_ZN7testing7MessageD2Ev
FNDA:0,_ZN7testing7MessageD2Ev
FNF:1
FNH:0
DA:85,0
LF:1
LH:0
end_of_record
SF:/home/mrodriguezz/Desktop/TPI/MIR/lib/googletest-master/googletest/include/gtest/gtest-printers.h
FN:222,_ZN16testing_internal26DefaultPrintNonContainerToIiEEvRKT_PSo
FN:275,_ZN7testing8internal19FormatForComparisonISt6vectorIiSaIiEES4_E6FormatB5cxx11ERKS4_
FN:349,_ZN7testing8internal33FormatForComparisonFailureMessageISt6vectorIiSaIiEES4_EENSt7__cxx1112basic_stringIcSt11char_traitsIcESaIcEEERKT_RKT0_
FN:378,_ZN7testing8internal14DefaultPrintToISt6vectorIiSaIiEEEEvNS0_15WrapPrinterTypeILNS0_18DefaultPrinterTypeE0EEERKT_PSo
FN:442,_ZN7testing8internal14DefaultPrintToIiEEvNS0_15WrapPrinterTypeILNS0_18DefaultPrinterTypeE3EEERKT_PSo
FN:459,_ZN7testing8internal7PrintToIiEEvRKT_PSo
FN:459,_ZN7testing8internal7PrintToISt6vectorIiSaIiEEEEvRKT_PSo
FN:714,_ZN7testing8internal16UniversalPrinterISt6vectorIiSaIiEEE5PrintERKS4_PSo
FN:714,_ZN7testing8internal16UniversalPrinterIiE5PrintERKiPSo
FN:799,_ZN7testing8internal21UniversalTersePrinterISt6vectorIiSaIiEEE5PrintERKS4_PSo
FN:868,_ZN7testing8internal14UniversalPrintISt6vectorIiSaIiEEEEvRKT_PSo
FN:868,_ZN7testing8internal14UniversalPrintIiEEvRKT_PSo
FN:996,_ZN7testing13PrintToStringISt6vectorIiSaIiEEEENSt7__cxx1112basic_stringIcSt11char_traitsIcESaIcEEERKT_
FNDA:0,_ZN16testing_internal26DefaultPrintNonContainerToIiEEvRKT_PSo
FNDA:0,_ZN7testing8internal19FormatForComparisonISt6vectorIiSaIiEES4_E6FormatB5cxx11ERKS4_
FNDA:0,_ZN7testing8internal33FormatForComparisonFailureMessageISt6vectorIiSaIiEES4_EENSt7__cxx1112basic_stringIcSt11char_traitsIcESaIcEEERKT_RKT0_
FNDA:0,_ZN7testing8internal14DefaultPrintToISt6vectorIiSaIiEEEEvNS0_15WrapPrinterTypeILNS0_18DefaultPrinterTypeE0EEERKT_PSo
FNDA:0,_ZN7testing8internal14DefaultPrintToIiEEvNS0_15WrapPrinterTypeILNS0_18DefaultPrinterTypeE3EEERKT_PSo
FNDA:0,_ZN7testing8internal7PrintToIiEEvRKT_PSo
FNDA:0,_ZN7testing8internal7PrintToISt6vectorIiSaIiEEEEvRKT_PSo
FNDA:0,_ZN7testing8internal16UniversalPrinterIiE5PrintERKiPSo
FNDA:0,_ZN7testing8internal16UniversalPrinterISt6vectorIiSaIiEEE5PrintERKS4_PSo
FNDA:0,_ZN7testing8internal21UniversalTersePrinterISt6vectorIiSaIiEEE5PrintERKS4_PSo
FNDA:0,_ZN7testing8internal14UniversalPrintIiEEvRKT_PSo
FNDA:0,_ZN7testing8internal14UniversalPrintISt6vectorIiSaIiEEEEvRKT_PSo
FNDA:0,_ZN7testing13PrintToStringISt6vectorIiSaIiEEEENSt7__cxx1112basic_stringIcSt11char_traitsIcESaIcEEERKT_
FNF:13
FNH:0
DA:222,0
DA:249,0
DA:250,0
DA:275,0
DA:276,0
DA:349,0
DA:351,0
DA:378,0
DA:380,0
DA:381,0
DA:382,0
DA:383,0
DA:384,0
DA:385,0
DA:386,0
DA:387,0
DA:388,0
DA:389,0
DA:392,0
DA:395,0
DA:398,0
DA:399,0
DA:401,0
DA:402,0
DA:442,0
DA:444,0
DA:445,0
DA:459,0
DA:481,0
DA:494,0
DA:714,0
DA:723,0
DA:724,0
DA:799,0
DA:800,0
DA:801,0
DA:868,0
DA:872,0
DA:873,0
DA:996,0
DA:997,0
DA:998,0
DA:999,0
LF:43
LH:0
end_of_record
SF:/home/mrodriguezz/Desktop/TPI/MIR/lib/googletest-master/googletest/include/gtest/gtest.h
FN:256,_ZN7testing15AssertionResultD2Ev
FN:288,_ZNK7testing15AssertionResultcvbEv
FN:297,_ZNK7testing15AssertionResult7messageEv
FN:302,_ZNK7testing15AssertionResult15failure_messageEv
FN:389,_ZN7testing4Test13SetUpTestCaseEv
FN:397,_ZN7testing4Test16TearDownTestCaseEv
FN:474,_ZN7testing4Test5SetupEv
FN:1375,_ZN7testing8internal18CmpHelperEQFailureISt6vectorIiSaIiEES4_EENS_15AssertionResultEPKcS7_RKT_RKT0_
FN:1387,_ZN7testing8internal11CmpHelperEQISt6vectorIiSaIiEES4_EENS_15AssertionResultEPKcS7_RKT_RKT0_
FN:1417,_ZN7testing8internal8EqHelperILb0EE7CompareISt6vectorIiSaIiEES6_EENS_15AssertionResultEPKcS9_RKT_RKT0_
FNDA:0,_ZN7testing15AssertionResultD2Ev
FNDA:0,_ZNK7testing15AssertionResultcvbEv
FNDA:0,_ZNK7testing15AssertionResult7messageEv
FNDA:0,_ZNK7testing15AssertionResult15failure_messageEv
FNDA:0,_ZN7testing4Test13SetUpTestCaseEv
FNDA:0,_ZN7testing4Test16TearDownTestCaseEv
FNDA:0,_ZN7testing4Test5SetupEv
FNDA:0,_ZN7testing8internal18CmpHelperEQFailureISt6vectorIiSaIiEES4_EENS_15AssertionResultEPKcS7_RKT_RKT0_
FNDA:0,_ZN7testing8internal11CmpHelperEQISt6vectorIiSaIiEES4_EENS_15AssertionResultEPKcS7_RKT_RKT0_
FNDA:0,_ZN7testing8internal8EqHelperILb0EE7CompareISt6vectorIiSaIiEES6_EENS_15AssertionResultEPKcS9_RKT_RKT0_
FNF:10
FNH:0
DA:256,0
DA:288,0
DA:297,0
DA:298,0
DA:302,0
DA:389,0
DA:397,0
DA:474,0
DA:1375,0
DA:1382,0
DA:1387,0
DA:1392,0
DA:1393,0
DA:1397,0
DA:1417,0
DA:1421,0
LF:16
LH:0
end_of_record
SF:/home/mrodriguezz/Desktop/TPI/MIR/lib/googletest-master/googletest/include/gtest/internal/gtest-internal.h
FN:466,_ZN7testing8internal15TestFactoryBaseD0Ev
FN:466,_ZN7testing8internal15TestFactoryBaseD2Ev
FN:473,_ZN7testing8internal15TestFactoryBaseC2Ev
FN:482,_ZN7testing8internal15TestFactoryImplI62revertirAudioValidoTEST_revertirCanalesIgualLongitudAudio_TestED0Ev
FN:482,_ZN7testing8internal15TestFactoryImplI62revertirAudioValidoTEST_revertirCanalesIgualLongitudAudio_TestED2Ev
FN:482,_ZN7testing8internal15TestFactoryImplI39revertirAudioValidoTEST_unElemento_TestED0Ev
FN:482,_ZN7testing8internal15TestFactoryImplI42revertirAudioValidoTEST_variosCanales_TestED2Ev
FN:482,_ZN7testing8internal15TestFactoryImplI39revertirAudioValidoTEST_unElemento_TestEC2Ev
FN:482,_ZN7testing8internal15TestFactoryImplI62revertirAudioValidoTEST_revertirCanalesMitadLongitudAudio_TestEC2Ev
FN:482,_ZN7testing8internal15TestFactoryImplI42revertirAudioValidoTEST_variosCanales_TestED0Ev
FN:482,_ZN7testing8internal15TestFactoryImplI62revertirAudioValidoTEST_revertirCanalesMitadLongitudAudio_TestED2Ev
FN:482,_ZN7testing8internal15TestFactoryImplI62revertirAudioValidoTEST_revertirCanalesIgualLongitudAudio_TestEC2Ev
FN:482,_ZN7testing8internal15TestFactoryImplI62revertirAudioValidoTEST_revertirCanalesMitadLongitudAudio_TestED0Ev
FN:482,_ZN7testing8internal15TestFactoryImplI39revertirAudioValidoTEST_unElemento_TestED2Ev
FN:482,_ZN7testing8internal15TestFactoryImplI36revertirAudioValidoTEST_unCanal_TestED2Ev
FN:482,_ZN7testing8internal15TestFactoryImplI36revertirAudioValidoTEST_unCanal_TestEC2Ev
FN:482,_ZN7testing8internal15TestFactoryImplI42revertirAudioValidoTEST_variosCanales_TestEC2Ev
FN:482,_ZN7testing8internal15TestFactoryImplI36revertirAudioValidoTEST_unCanal_TestED0Ev
FN:484,_ZN7testing8internal15TestFactoryImplI42revertirAudioValidoTEST_variosCanales_TestE10CreateTestEv
FN:484,_ZN7testing8internal15TestFactoryImplI62revertirAudioValidoTEST_revertirCanalesIgualLongitudAudio_TestE10CreateTestEv
FN:484,_ZN7testing8internal15TestFactoryImplI39revertirAudioValidoTEST_unElemento_TestE10CreateTestEv
FN:484,_ZN7testing8internal15TestFactoryImplI62revertirAudioValidoTEST_revertirCanalesMitadLongitudAudio_TestE10CreateTestEv
FN:484,_ZN7testing8internal15TestFactoryImplI36revertirAudioValidoTEST_unCanal_TestE10CreateTestEv
FN:504,_ZN7testing8internal12CodeLocationD2Ev
FN:505,_ZN7testing8internal12CodeLocationC2ERKNSt7__cxx1112basic_stringIcSt11char_traitsIcESaIcEEEi
FNDA:0,_ZN7testing8internal15TestFactoryBaseD0Ev
FNDA:0,_ZN7testing8internal15TestFactoryBaseD2Ev
FNDA:0,_ZN7testing8internal15TestFactoryBaseC2Ev
FNDA:3,_ZN7testing8internal15TestFactoryImplI36revertirAudioValidoTEST_unCanal_TestED0Ev
FNDA:3,_ZN7testing8internal15TestFactoryImplI36revertirAudioValidoTEST_unCanal_TestED2Ev
FNDA:3,_ZN7testing8internal15TestFactoryImplI42revertirAudioValidoTEST_variosCanales_TestED0Ev
FNDA:3,_ZN7testing8internal15TestFactoryImplI42revertirAudioValidoTEST_variosCanales_TestED2Ev
FNDA:3,_ZN7testing8internal15TestFactoryImplI39revertirAudioValidoTEST_unElemento_TestED0Ev
FNDA:3,_ZN7testing8internal15TestFactoryImplI39revertirAudioValidoTEST_unElemento_TestED2Ev
FNDA:3,_ZN7testing8internal15TestFactoryImplI62revertirAudioValidoTEST_revertirCanalesMitadLongitudAudio_TestED0Ev
FNDA:3,_ZN7testing8internal15TestFactoryImplI62revertirAudioValidoTEST_revertirCanalesMitadLongitudAudio_TestED2Ev
FNDA:3,_ZN7testing8internal15TestFactoryImplI62revertirAudioValidoTEST_revertirCanalesIgualLongitudAudio_TestED0Ev
FNDA:3,_ZN7testing8internal15TestFactoryImplI62revertirAudioValidoTEST_revertirCanalesIgualLongitudAudio_TestED2Ev
FNDA:3,_ZN7testing8internal15TestFactoryImplI62revertirAudioValidoTEST_revertirCanalesIgualLongitudAudio_TestEC2Ev
FNDA:3,_ZN7testing8internal15TestFactoryImplI62revertirAudioValidoTEST_revertirCanalesMitadLongitudAudio_TestEC2Ev
FNDA:3,_ZN7testing8internal15TestFactoryImplI39revertirAudioValidoTEST_unElemento_TestEC2Ev
FNDA:3,_ZN7testing8internal15TestFactoryImplI42revertirAudioValidoTEST_variosCanales_TestEC2Ev
FNDA:3,_ZN7testing8internal15TestFactoryImplI36revertirAudioValidoTEST_unCanal_TestEC2Ev
FNDA:1,_ZN7testing8internal15TestFactoryImplI36revertirAudioValidoTEST_unCanal_TestE10CreateTestEv
FNDA:1,_ZN7testing8internal15TestFactoryImplI42revertirAudioValidoTEST_variosCanales_TestE10CreateTestEv
FNDA:1,_ZN7testing8internal15TestFactoryImplI39revertirAudioValidoTEST_unElemento_TestE10CreateTestEv
FNDA:2,_ZN7testing8internal15TestFactoryImplI62revertirAudioValidoTEST_revertirCanalesMitadLongitudAudio_TestE10CreateTestEv
FNDA:1,_ZN7testing8internal15TestFactoryImplI62revertirAudioValidoTEST_revertirCanalesIgualLongitudAudio_TestE10CreateTestEv
FNDA:0,_ZN7testing8internal12CodeLocationD2Ev
FNDA:0,_ZN7testing8internal12CodeLocationC2ERKNSt7__cxx1112basic_stringIcSt11char_traitsIcESaIcEEEi
FNF:25
FNH:20
DA:466,0
DA:473,0
DA:482,45
DA:484,6
DA:504,0
DA:505,0
DA:506,0
LF:7
LH:2
end_of_record
SF:/home/mrodriguezz/Desktop/TPI/MIR/lib/googletest-master/googletest/include/gtest/internal/gtest-port.h
FN:1157,_ZN7testing8internal10scoped_ptrINSt7__cxx1112basic_stringIcSt11char_traitsIcESaIcEEEED2Ev
FN:1157,_ZN7testing8internal10scoped_ptrINSt7__cxx1118basic_stringstreamIcSt11char_traitsIcESaIcEEEED2Ev
FN:1160,_ZNK7testing8internal10scoped_ptrINSt7__cxx1112basic_stringIcSt11char_traitsIcESaIcEEEEptEv
FN:1161,_ZNK7testing8internal10scoped_ptrINSt7__cxx1112basic_stringIcSt11char_traitsIcESaIcEEEE3getEv
FN:1169,_ZN7testing8internal10scoped_ptrINSt7__cxx1112basic_stringIcSt11char_traitsIcESaIcEEEE5resetEPS7_
FN:1169,_ZN7testing8internal10scoped_ptrINSt7__cxx1118basic_stringstreamIcSt11char_traitsIcESaIcEEEE5resetEPS7_
FNDA:0,_ZN7testing8internal10scoped_ptrINSt7__cxx1112basic_stringIcSt11char_traitsIcESaIcEEEED2Ev
FNDA:0,_ZN7testing8internal10scoped_ptrINSt7__cxx1118basic_stringstreamIcSt11char_traitsIcESaIcEEEED2Ev
FNDA:0,_ZNK7testing8internal10scoped_ptrINSt7__cxx1112basic_stringIcSt11char_traitsIcESaIcEEEEptEv
FNDA:0,_ZNK7testing8internal10scoped_ptrINSt7__cxx1112basic_stringIcSt11char_traitsIcESaIcEEEE3getEv
FNDA:0,_ZN7testing8internal10scoped_ptrINSt7__cxx1118basic_stringstreamIcSt11char_traitsIcESaIcEEEE5resetEPS7_
FNDA:0,_ZN7testing8internal10scoped_ptrINSt7__cxx1112basic_stringIcSt11char_traitsIcESaIcEEEE5resetEPS7_
FNF:6
FNH:0
DA:1157,0
DA:1160,0
DA:1161,0
DA:1169,0
DA:1170,0
DA:1171,0
DA:1172,0
DA:1174,0
DA:1176,0
LF:9
LH:0
end_of_record
SF:/home/mrodriguezz/Desktop/TPI/MIR/tests/revertirAudioTEST.cpp
FN:7,_ZN36revertirAudioValidoTEST_unCanal_TestD2Ev
FN:7,_ZN36revertirAudioValidoTEST_unCanal_TestC2Ev
FN:7,_ZN36revertirAudioValidoTEST_unCanal_Test8TestBodyEv
FN:7,_ZN36revertirAudioValidoTEST_unCanal_TestD0Ev
FN:16,_ZN42revertirAudioValidoTEST_variosCanales_TestD0Ev
FN:16,_ZN42revertirAudioValidoTEST_variosCanales_TestD2Ev
FN:16,_ZN42revertirAudioValidoTEST_variosCanales_Test8TestBodyEv
FN:16,_ZN42revertirAudioValidoTEST_variosCanales_TestC2Ev
FN:25,_ZN39revertirAudioValidoTEST_unElemento_TestC2Ev
FN:25,_ZN39revertirAudioValidoTEST_unElemento_TestD0Ev
FN:25,_ZN39revertirAudioValidoTEST_unElemento_TestD2Ev
FN:25,_ZN39revertirAudioValidoTEST_unElemento_Test8TestBodyEv
FN:34,_ZN62revertirAudioValidoTEST_revertirCanalesMitadLongitudAudio_TestD0Ev
FN:34,_ZN62revertirAudioValidoTEST_revertirCanalesMitadLongitudAudio_TestD2Ev
FN:34,_ZN62revertirAudioValidoTEST_revertirCanalesMitadLongitudAudio_TestC2Ev
FN:34,_ZN62revertirAudioValidoTEST_revertirCanalesMitadLongitudAudio_Test8TestBodyEv
FN:43,_ZN62revertirAudioValidoTEST_revertirCanalesIgualLongitudAudio_TestD0Ev
FN:43,_ZN62revertirAudioValidoTEST_revertirCanalesIgualLongitudAudio_Test8TestBodyEv
FN:43,_ZN62revertirAudioValidoTEST_revertirCanalesIgualLongitudAudio_TestD2Ev
FN:43,_ZN62revertirAudioValidoTEST_revertirCanalesIgualLongitudAudio_TestC2Ev
FN:50,_Z41__static_initialization_and_destruction_0ii
FN:50,_GLOBAL__sub_I__ZN36revertirAudioValidoTEST_unCanal_Test10test_info_E
FNDA:1,_ZN36revertirAudioValidoTEST_unCanal_TestD0Ev
FNDA:1,_ZN36revertirAudioValidoTEST_unCanal_TestD2Ev
FNDA:1,_ZN36revertirAudioValidoTEST_unCanal_Test8TestBodyEv
FNDA:1,_ZN36revertirAudioValidoTEST_unCanal_TestC2Ev
FNDA:1,_ZN42revertirAudioValidoTEST_variosCanales_TestD0Ev
FNDA:1,_ZN42revertirAudioValidoTEST_variosCanales_TestD2Ev
FNDA:1,_ZN42revertirAudioValidoTEST_variosCanales_Test8TestBodyEv
FNDA:1,_ZN42revertirAudioValidoTEST_variosCanales_TestC2Ev
FNDA:1,_ZN39revertirAudioValidoTEST_unElemento_TestD0Ev
FNDA:1,_ZN39revertirAudioValidoTEST_unElemento_TestD2Ev
FNDA:1,_ZN39revertirAudioValidoTEST_unElemento_Test8TestBodyEv
FNDA:1,_ZN39revertirAudioValidoTEST_unElemento_TestC2Ev
FNDA:2,_ZN62revertirAudioValidoTEST_revertirCanalesMitadLongitudAudio_TestD0Ev
FNDA:2,_ZN62revertirAudioValidoTEST_revertirCanalesMitadLongitudAudio_TestD2Ev
FNDA:2,_ZN62revertirAudioValidoTEST_revertirCanalesMitadLongitudAudio_Test8TestBodyEv
FNDA:2,_ZN62revertirAudioValidoTEST_revertirCanalesMitadLongitudAudio_TestC2Ev
FNDA:1,_ZN62revertirAudioValidoTEST_revertirCanalesIgualLongitudAudio_TestD0Ev
FNDA:1,_ZN62revertirAudioValidoTEST_revertirCanalesIgualLongitudAudio_TestD2Ev
FNDA:1,_ZN62revertirAudioValidoTEST_revertirCanalesIgualLongitudAudio_Test8TestBodyEv
FNDA:1,_ZN62revertirAudioValidoTEST_revertirCanalesIgualLongitudAudio_TestC2Ev
FNDA:3,_GLOBAL__sub_I__ZN36revertirAudioValidoTEST_unCanal_Test10test_info_E
FNDA:3,_Z41__static_initialization_and_destruction_0ii
FNF:22
FNH:22
DA:7,7
DA:8,2
DA:9,1
DA:10,1
DA:11,2
DA:13,1
DA:16,7
DA:17,2
DA:18,1
DA:19,1
DA:20,2
DA:22,1
DA:25,7
DA:26,2
DA:27,1
DA:28,1
DA:29,2
DA:31,1
DA:34,11
DA:35,4
DA:36,2
DA:37,2
DA:38,4
DA:40,2
DA:43,7
DA:44,2
DA:45,1
DA:46,1
DA:47,2
DA:49,1
DA:50,9
LF:31
LH:31
end_of_record
SF:/usr/include/c++/7/bits/alloc_traits.h
FN:435,_ZNSt16allocator_traitsISaIiEE8allocateERS0_m
FN:461,_ZNSt16allocator_traitsISaIiEE10deallocateERS0_Pim
FN:504,_ZNSt16allocator_traitsISaIiEE37select_on_container_copy_constructionERKS0_
FNDA:0,_ZNSt16allocator_traitsISaIiEE8allocateERS0_m
FNDA:0,_ZNSt16allocator_traitsISaIiEE10deallocateERS0_Pim
FNDA:0,_ZNSt16allocator_traitsISaIiEE37select_on_container_copy_constructionERKS0_
FNF:3
FNH:0
DA:435,0
DA:436,0
DA:461,0
DA:462,0
DA:504,0
DA:505,0
LF:6
LH:0
end_of_record
SF:/usr/include/c++/7/bits/allocator.h
FN:131,_ZNSaIiEC2Ev
FN:133,_ZNSaIiEC2ERKS_
FN:139,_ZNSaIiED2Ev
FNDA:0,_ZNSaIiEC2Ev
FNDA:0,_ZNSaIiEC2ERKS_
FNDA:0,_ZNSaIiED2Ev
FNF:3
FNH:0
DA:131,0
DA:133,0
DA:134,0
DA:139,0
LF:4
LH:0
end_of_record
SF:/usr/include/c++/7/bits/cpp_type_traits.h
FN:408,_ZSt12__miter_baseIN9__gnu_cxx17__normal_iteratorIPKiSt6vectorIiSaIiEEEEET_S8_
FN:408,_ZSt12__miter_baseIPKiET_S2_
FNDA:0,_ZSt12__miter_baseIPKiET_S2_
FNDA:0,_ZSt12__miter_baseIN9__gnu_cxx17__normal_iteratorIPKiSt6vectorIiSaIiEEEEET_S8_
FNF:2
FNH:0
DA:408,0
DA:409,0
LF:2
LH:0
end_of_record
SF:/usr/include/c++/7/bits/ios_base.h
FN:129,_ZStorSt13_Ios_OpenmodeS_
FNDA:0,_ZStorSt13_Ios_OpenmodeS_
FNF:1
FNH:0
DA:129,0
DA:130,0
LF:2
LH:0
end_of_record
SF:/usr/include/c++/7/bits/stl_algobase.h
FN:277,_ZSt12__niter_baseIPiET_S1_
FN:277,_ZSt12__niter_baseIPKiET_S2_
FN:357,_ZNSt11__copy_moveILb0ELb1ESt26random_access_iterator_tagE8__copy_mIiEEPT_PKS3_S6_S4_
FN:375,_ZSt13__copy_move_aILb0EPKiPiET1_T0_S4_S3_
FN:420,_ZSt14__copy_move_a2ILb0EPKiPiET1_T0_S4_S3_
FN:420,_ZSt14__copy_move_a2ILb0EN9__gnu_cxx17__normal_iteratorIPKiSt6vectorIiSaIiEEEEPiET1_T0_SA_S9_
FN:446,_ZSt4copyIN9__gnu_cxx17__normal_iteratorIPKiSt6vectorIiSaIiEEEEPiET0_T_SA_S9_
FN:446,_ZSt4copyIPKiPiET0_T_S4_S3_
FN:811,_ZNSt7__equalILb1EE5equalIiEEbPKT_S4_S4_
FN:821,_ZSt11__equal_auxIPKiS1_EbT_S2_T0_
FN:1041,_ZSt5equalIN9__gnu_cxx17__normal_iteratorIPKiSt6vectorIiSaIiEEEES7_EbT_S8_T0_
FNDA:0,_ZSt12__niter_baseIPKiET_S2_
FNDA:0,_ZSt12__niter_baseIPiET_S1_
FNDA:0,_ZNSt11__copy_moveILb0ELb1ESt26random_access_iterator_tagE8__copy_mIiEEPT_PKS3_S6_S4_
FNDA:0,_ZSt13__copy_move_aILb0EPKiPiET1_T0_S4_S3_
FNDA:0,_ZSt14__copy_move_a2ILb0EPKiPiET1_T0_S4_S3_
FNDA:0,_ZSt14__copy_move_a2ILb0EN9__gnu_cxx17__normal_iteratorIPKiSt6vectorIiSaIiEEEEPiET1_T0_SA_S9_
FNDA:0,_ZSt4copyIPKiPiET0_T_S4_S3_
FNDA:0,_ZSt4copyIN9__gnu_cxx17__normal_iteratorIPKiSt6vectorIiSaIiEEEEPiET0_T_SA_S9_
FNDA:0,_ZNSt7__equalILb1EE5equalIiEEbPKT_S4_S4_
FNDA:0,_ZSt11__equal_auxIPKiS1_EbT_S2_T0_
FNDA:0,_ZSt5equalIN9__gnu_cxx17__normal_iteratorIPKiSt6vectorIiSaIiEEEES7_EbT_S8_T0_
FNF:11
FNH:0
DA:277,0
DA:278,0
DA:357,0
DA:366,0
DA:367,0
DA:368,0
DA:369,0
DA:375,0
DA:380,0
DA:386,0
DA:420,0
DA:422,0
DA:424,0
DA:446,0
DA:455,0
DA:456,0
DA:811,0
DA:813,0
DA:814,0
DA:815,0
DA:821,0
DA:825,0
DA:831,0
DA:1041,0
DA:1051,0
DA:1053,0
LF:26
LH:0
end_of_record
SF:/usr/include/c++/7/bits/stl_construct.h
FN:117,_ZNSt12_Destroy_auxILb1EE9__destroyIPiEEvT_S3_
FN:127,_ZSt8_DestroyIPiEvT_S1_
FN:203,_ZSt8_DestroyIPiiEvT_S1_RSaIT0_E
FNDA:0,_ZNSt12_Destroy_auxILb1EE9__destroyIPiEEvT_S3_
FNDA:0,_ZSt8_DestroyIPiEvT_S1_
FNDA:0,_ZSt8_DestroyIPiiEvT_S1_RSaIT0_E
FNF:3
FNH:0
DA:117,0
DA:127,0
DA:137,0
DA:138,0
DA:203,0
DA:206,0
DA:207,0
LF:7
LH:0
end_of_record
SF:/usr/include/c++/7/bits/stl_iterator.h
FN:782,_ZN9__gnu_cxx17__normal_iteratorIPKiSt6vectorIiSaIiEEEC2ERKS2_
FN:795,_ZNK9__gnu_cxx17__normal_iteratorIPKiSt6vectorIiSaIiEEEdeEv
FN:803,_ZN9__gnu_cxx17__normal_iteratorIPKiSt6vectorIiSaIiEEEppEv
FN:847,_ZNK9__gnu_cxx17__normal_iteratorIPKiSt6vectorIiSaIiEEE4baseEv
FN:883,_ZN9__gnu_cxxneIPKiSt6vectorIiSaIiEEEEbRKNS_17__normal_iteratorIT_T0_EESB_
FN:986,_ZSt12__niter_baseIPKiSt6vectorIiSaIiEEET_N9__gnu_cxx17__normal_iteratorIS5_T0_EE
FNDA:0,_ZN9__gnu_cxx17__normal_iteratorIPKiSt6vectorIiSaIiEEEC2ERKS2_
FNDA:0,_ZNK9__gnu_cxx17__normal_iteratorIPKiSt6vectorIiSaIiEEEdeEv
FNDA:0,_ZN9__gnu_cxx17__normal_iteratorIPKiSt6vectorIiSaIiEEEppEv
FNDA:0,_ZNK9__gnu_cxx17__normal_iteratorIPKiSt6vectorIiSaIiEEE4baseEv
FNDA:0,_ZN9__gnu_cxxneIPKiSt6vectorIiSaIiEEEEbRKNS_17__normal_iteratorIT_T0_EESB_
FNDA:0,_ZSt12__niter_baseIPKiSt6vectorIiSaIiEEET_N9__gnu_cxx17__normal_iteratorIS5_T0_EE
FNF:6
FNH:0
DA:782,0
DA:783,0
DA:795,0
DA:796,0
DA:803,0
DA:805,0
DA:806,0
DA:847,0
DA:848,0
DA:883,0
DA:886,0
DA:986,0
DA:987,0
LF:13
LH:0
end_of_record
SF:/usr/include/c++/7/bits/stl_iterator_base_funcs.h
FN:98,_ZSt10__distanceIPKiENSt15iterator_traitsIT_E15difference_typeES3_S3_St26random_access_iterator_tag
FN:138,_ZSt8distanceIPKiENSt15iterator_traitsIT_E15difference_typeES3_S3_
FNDA:0,_ZSt10__distanceIPKiENSt15iterator_traitsIT_E15difference_typeES3_S3_St26random_access_iterator_tag
FNDA:0,_ZSt8distanceIPKiENSt15iterator_traitsIT_E15difference_typeES3_S3_
FNF:2
FNH:0
DA:98,0
DA:104,0
DA:138,0
DA:141,0
DA:142,0
LF:5
LH:0
end_of_record
SF:/usr/include/c++/7/bits/stl_iterator_base_types.h
FN:205,_ZSt19__iterator_categoryIPKiENSt15iterator_traitsIT_E17iterator_categoryERKS3_
FNDA:0,_ZSt19__iterator_categoryIPKiENSt15iterator_traitsIT_E17iterator_categoryERKS3_
FNF:1
FNH:0
DA:205,0
DA:206,0
LF:2
LH:0
end_of_record
SF:/usr/include/c++/7/bits/stl_uninitialized.h
FN:99,_ZNSt20__uninitialized_copyILb1EE13__uninit_copyIN9__gnu_cxx17__normal_iteratorIPKiSt6vectorIiSaIiEEEEPiEET0_T_SC_SB_
FN:99,_ZNSt20__uninitialized_copyILb1EE13__uninit_copyIPKiPiEET0_T_S6_S5_
FN:115,_ZSt18uninitialized_copyIN9__gnu_cxx17__normal_iteratorIPKiSt6vectorIiSaIiEEEEPiET0_T_SA_S9_
FN:115,_ZSt18uninitialized_copyIPKiPiET0_T_S4_S3_
FN:287,_ZSt22__uninitialized_copy_aIN9__gnu_cxx17__normal_iteratorIPKiSt6vectorIiSaIiEEEEPiiET0_T_SA_S9_RSaIT1_E
FN:287,_ZSt22__uninitialized_copy_aIPKiPiiET0_T_S4_S3_RSaIT1_E
FNDA:0,_ZNSt20__uninitialized_copyILb1EE13__uninit_copyIPKiPiEET0_T_S6_S5_
FNDA:0,_ZNSt20__uninitialized_copyILb1EE13__uninit_copyIN9__gnu_cxx17__normal_iteratorIPKiSt6vectorIiSaIiEEEEPiEET0_T_SC_SB_
FNDA:0,_ZSt18uninitialized_copyIPKiPiET0_T_S4_S3_
FNDA:0,_ZSt18uninitialized_copyIN9__gnu_cxx17__normal_iteratorIPKiSt6vectorIiSaIiEEEEPiET0_T_SA_S9_
FNDA:0,_ZSt22__uninitialized_copy_aIPKiPiiET0_T_S4_S3_RSaIT1_E
FNDA:0,_ZSt22__uninitialized_copy_aIN9__gnu_cxx17__normal_iteratorIPKiSt6vectorIiSaIiEEEEPiiET0_T_SA_S9_RSaIT1_E
FNF:6
FNH:0
DA:99,0
DA:101,0
DA:115,0
DA:128,0
DA:134,0
DA:287,0
DA:289,0
LF:7
LH:0
end_of_record
SF:/usr/include/c++/7/bits/stl_vector.h
FN:81,_ZNSt12_Vector_baseIiSaIiEE12_Vector_implD2Ev
FN:92,_ZNSt12_Vector_baseIiSaIiEE12_Vector_implC2ERKS0_
FN:115,_ZNSt12_Vector_baseIiSaIiEE19_M_get_Tp_allocatorEv
FN:119,_ZNKSt12_Vector_baseIiSaIiEE19_M_get_Tp_allocatorEv
FN:129,_ZNSt12_Vector_baseIiSaIiEEC2ERKS0_
FN:136,_ZNSt12_Vector_baseIiSaIiEEC2EmRKS0_
FN:161,_ZNSt12_Vector_baseIiSaIiEED2Ev
FN:169,_ZNSt12_Vector_baseIiSaIiEE11_M_allocateEm
FN:176,_ZNSt12_Vector_baseIiSaIiEE13_M_deallocateEPim
FN:185,_ZNSt12_Vector_baseIiSaIiEE17_M_create_storageEm
FN:326,_ZNSt6vectorIiSaIiEEC2ERKS1_
FN:383,_ZNSt6vectorIiSaIiEEC2ESt16initializer_listIiERKS0_
FN:433,_ZNSt6vectorIiSaIiEED2Ev
FN:572,_ZNKSt6vectorIiSaIiEE5beginEv
FN:590,_ZNKSt6vectorIiSaIiEE3endEv
FN:670,_ZNKSt6vectorIiSaIiEE4sizeEv
FN:1324,_ZNSt6vectorIiSaIiEE19_M_range_initializeIPKiEEvT_S5_St20forward_iterator_tag
FN:1601,_ZSteqIiSaIiEEbRKSt6vectorIT_T0_ES6_
FNDA:0,_ZNSt12_Vector_baseIiSaIiEE12_Vector_implD2Ev
FNDA:0,_ZNSt12_Vector_baseIiSaIiEE12_Vector_implC2ERKS0_
FNDA:0,_ZNSt12_Vector_baseIiSaIiEE19_M_get_Tp_allocatorEv
FNDA:0,_ZNKSt12_Vector_baseIiSaIiEE19_M_get_Tp_allocatorEv
FNDA:0,_ZNSt12_Vector_baseIiSaIiEEC2ERKS0_
FNDA:0,_ZNSt12_Vector_baseIiSaIiEEC2EmRKS0_
FNDA:0,_ZNSt12_Vector_baseIiSaIiEED2Ev
FNDA:0,_ZNSt12_Vector_baseIiSaIiEE11_M_allocateEm
FNDA:0,_ZNSt12_Vector_baseIiSaIiEE13_M_deallocateEPim
FNDA:0,_ZNSt12_Vector_baseIiSaIiEE17_M_create_storageEm
FNDA:0,_ZNSt6vectorIiSaIiEEC2ERKS1_
FNDA:0,_ZNSt6vectorIiSaIiEEC2ESt16initializer_listIiERKS0_
FNDA:0,_ZNSt6vectorIiSaIiEED2Ev
FNDA:0,_ZNKSt6vectorIiSaIiEE5beginEv
FNDA:0,_ZNKSt6vectorIiSaIiEE3endEv
FNDA:0,_ZNKSt6vectorIiSaIiEE4sizeEv
FNDA:0,_ZNSt6vectorIiSaIiEE19_M_range_initializeIPKiEEvT_S5_St20forward_iterator_tag
FNDA:0,_ZSteqIiSaIiEEbRKSt6vectorIT_T0_ES6_
FNF:18
FNH:0
DA:81,0
DA:92,0
DA:93,0
DA:94,0
DA:115,0
DA:116,0
DA:119,0
DA:120,0
DA:129,0
DA:130,0
DA:136,0
DA:137,0
DA:138,0
DA:161,0
DA:162,0
DA:163,0
DA:169,0
DA:172,0
DA:176,0
DA:179,0
DA:180,0
DA:181,0
DA:185,0
DA:187,0
DA:188,0
DA:189,0
DA:190,0
DA:326,0
DA:328,0
DA:330,0
DA:331,0
DA:333,0
DA:334,0
DA:383,0
DA:385,0
DA:387,0
DA:389,0
DA:433,0
DA:434,0
DA:435,0
DA:572,0
DA:573,0
DA:590,0
DA:591,0
DA:670,0
DA:671,0
DA:1324,0
DA:1327,0
DA:1328,0
DA:1329,0
DA:1330,0
DA:1331,0
DA:1333,0
DA:1334,0
DA:1601,0
DA:1602,0
DA:1603,0
LF:57
LH:0
end_of_record
SF:/usr/include/c++/7/ext/alloc_traits.h
FN:94,_ZN9__gnu_cxx14__alloc_traitsISaIiEE17_S_select_on_copyERKS1_
FNDA:0,_ZN9__gnu_cxx14__alloc_traitsISaIiEE17_S_select_on_copyERKS1_
FNF:1
FNH:0
DA:94,0
DA:95,0
LF:2
LH:0
end_of_record
SF:/usr/include/c++/7/ext/new_allocator.h
FN:79,_ZN9__gnu_cxx13new_allocatorIiEC2Ev
FN:81,_ZN9__gnu_cxx13new_allocatorIiEC2ERKS1_
FN:86,_ZN9__gnu_cxx13new_allocatorIiED2Ev
FN:99,_ZN9__gnu_cxx13new_allocatorIiE8allocateEmPKv
FN:116,_ZN9__gnu_cxx13new_allocatorIiE10deallocateEPim
FN:129,_ZNK9__gnu_cxx13new_allocatorIiE8max_sizeEv
FNDA:0,_ZN9__gnu_cxx13new_allocatorIiEC2Ev
FNDA:0,_ZN9__gnu_cxx13new_allocatorIiEC2ERKS1_
FNDA:0,_ZN9__gnu_cxx13new_allocatorIiED2Ev
FNDA:0,_ZN9__gnu_cxx13new_allocatorIiE8allocateEmPKv
FNDA:0,_ZN9__gnu_cxx13new_allocatorIiE10deallocateEPim
FNDA:0,_ZNK9__gnu_cxx13new_allocatorIiE8max_sizeEv
FNF:6
FNH:0
DA:79,0
DA:81,0
DA:86,0
DA:99,0
DA:101,0
DA:102,0
DA:111,0
DA:116,0
DA:125,0
DA:126,0
DA:129,0
DA:130,0
LF:12
LH:0
end_of_record
SF:/usr/include/c++/7/initializer_list
FN:71,_ZNKSt16initializer_listIiE4sizeEv
FN:75,_ZNKSt16initializer_listIiE5beginEv
FN:79,_ZNKSt16initializer_listIiE3endEv
FNDA:0,_ZNKSt16initializer_listIiE4sizeEv
FNDA:0,_ZNKSt16initializer_listIiE5beginEv
FNDA:0,_ZNKSt16initializer_listIiE3endEv
FNF:3
FNH:0
DA:71,0
DA:75,0
DA:79,0
LF:3
LH:0
end_of_record
SF:/usr/include/c++/7/iostream
DA:74,3
LF:1
LH:1
end_of_record
TN:
SF:/home/mrodriguezz/Desktop/TPI/MIR/lib/googletest-master/googletest/include/gtest/gtest-message.h
FN:85,_ZN7testing7MessageD2Ev
FNDA:0,_ZN7testing7MessageD2Ev
FNF:1
FNH:0
DA:85,0
LF:1
LH:0
end_of_record
SF:/home/mrodriguezz/Desktop/TPI/MIR/lib/googletest-master/googletest/include/gtest/gtest-printers.h
FN:222,_ZN16testing_internal26DefaultPrintNonContainerToIiEEvRKT_PSo
FN:275,_ZN7testing8internal19FormatForComparisonISt6vectorIiSaIiEES4_E6FormatB5cxx11ERKS4_
FN:349,_ZN7testing8internal33FormatForComparisonFailureMessageISt6vectorIiSaIiEES4_EENSt7__cxx1112basic_stringIcSt11char_traitsIcESaIcEEERKT_RKT0_
FN:378,_ZN7testing8internal14DefaultPrintToISt6vectorIiSaIiEEEEvNS0_15WrapPrinterTypeILNS0_18DefaultPrinterTypeE0EEERKT_PSo
FN:442,_ZN7testing8internal14DefaultPrintToIiEEvNS0_15WrapPrinterTypeILNS0_18DefaultPrinterTypeE3EEERKT_PSo
FN:459,_ZN7testing8internal7PrintToIiEEvRKT_PSo
FN:459,_ZN7testing8internal7PrintToISt6vectorIiSaIiEEEEvRKT_PSo
FN:714,_ZN7testing8internal16UniversalPrinterISt6vectorIiSaIiEEE5PrintERKS4_PSo
FN:714,_ZN7testing8internal16UniversalPrinterIiE5PrintERKiPSo
FN:799,_ZN7testing8internal21UniversalTersePrinterISt6vectorIiSaIiEEE5PrintERKS4_PSo
FN:868,_ZN7testing8internal14UniversalPrintIiEEvRKT_PSo
FN:868,_ZN7testing8internal14UniversalPrintISt6vectorIiSaIiEEEEvRKT_PSo
FN:996,_ZN7testing13PrintToStringISt6vectorIiSaIiEEEENSt7__cxx1112basic_stringIcSt11char_traitsIcESaIcEEERKT_
FNDA:0,_ZN16testing_internal26DefaultPrintNonContainerToIiEEvRKT_PSo
FNDA:0,_ZN7testing8internal19FormatForComparisonISt6vectorIiSaIiEES4_E6FormatB5cxx11ERKS4_
FNDA:0,_ZN7testing8internal33FormatForComparisonFailureMessageISt6vectorIiSaIiEES4_EENSt7__cxx1112basic_stringIcSt11char_traitsIcESaIcEEERKT_RKT0_
FNDA:0,_ZN7testing8internal14DefaultPrintToISt6vectorIiSaIiEEEEvNS0_15WrapPrinterTypeILNS0_18DefaultPrinterTypeE0EEERKT_PSo
FNDA:0,_ZN7testing8internal14DefaultPrintToIiEEvNS0_15WrapPrinterTypeILNS0_18DefaultPrinterTypeE3EEERKT_PSo
FNDA:0,_ZN7testing8internal7PrintToIiEEvRKT_PSo
FNDA:0,_ZN7testing8internal7PrintToISt6vectorIiSaIiEEEEvRKT_PSo
FNDA:0,_ZN7testing8internal16UniversalPrinterIiE5PrintERKiPSo
FNDA:0,_ZN7testing8internal16UniversalPrinterISt6vectorIiSaIiEEE5PrintERKS4_PSo
FNDA:0,_ZN7testing8internal21UniversalTersePrinterISt6vectorIiSaIiEEE5PrintERKS4_PSo
FNDA:0,_ZN7testing8internal14UniversalPrintIiEEvRKT_PSo
FNDA:0,_ZN7testing8internal14UniversalPrintISt6vectorIiSaIiEEEEvRKT_PSo
FNDA:0,_ZN7testing13PrintToStringISt6vectorIiSaIiEEEENSt7__cxx1112basic_stringIcSt11char_traitsIcESaIcEEERKT_
FNF:13
FNH:0
DA:222,0
DA:249,0
DA:250,0
DA:275,0
DA:276,0
DA:349,0
DA:351,0
DA:378,0
DA:380,0
DA:381,0
DA:382,0
DA:383,0
DA:384,0
DA:385,0
DA:386,0
DA:387,0
DA:388,0
DA:389,0
DA:392,0
DA:395,0
DA:398,0
DA:399,0
DA:401,0
DA:402,0
DA:442,0
DA:444,0
DA:445,0
DA:459,0
DA:481,0
DA:494,0
DA:714,0
DA:723,0
DA:724,0
DA:799,0
DA:800,0
DA:801,0
DA:868,0
DA:872,0
DA:873,0
DA:996,0
DA:997,0
DA:998,0
DA:999,0
LF:43
LH:0
end_of_record
SF:/home/mrodriguezz/Desktop/TPI/MIR/lib/googletest-master/googletest/include/gtest/gtest.h
FN:256,_ZN7testing15AssertionResultD2Ev
FN:288,_ZNK7testing15AssertionResultcvbEv
FN:297,_ZNK7testing15AssertionResult7messageEv
FN:302,_ZNK7testing15AssertionResult15failure_messageEv
FN:389,_ZN7testing4Test13SetUpTestCaseEv
FN:397,_ZN7testing4Test16TearDownTestCaseEv
FN:474,_ZN7testing4Test5SetupEv
FN:1375,_ZN7testing8internal18CmpHelperEQFailureISt6vectorIiSaIiEES4_EENS_15AssertionResultEPKcS7_RKT_RKT0_
FN:1387,_ZN7testing8internal11CmpHelperEQISt6vectorIiSaIiEES4_EENS_15AssertionResultEPKcS7_RKT_RKT0_
FN:1417,_ZN7testing8internal8EqHelperILb0EE7CompareISt6vectorIiSaIiEES6_EENS_15AssertionResultEPKcS9_RKT_RKT0_
FNDA:0,_ZN7testing15AssertionResultD2Ev
FNDA:0,_ZNK7testing15AssertionResultcvbEv
FNDA:0,_ZNK7testing15AssertionResult7messageEv
FNDA:0,_ZNK7testing15AssertionResult15failure_messageEv
FNDA:0,_ZN7testing4Test13SetUpTestCaseEv
FNDA:0,_ZN7testing4Test16TearDownTestCaseEv
FNDA:0,_ZN7testing4Test5SetupEv
FNDA:0,_ZN7testing8internal18CmpHelperEQFailureISt6vectorIiSaIiEES4_EENS_15AssertionResultEPKcS7_RKT_RKT0_
FNDA:0,_ZN7testing8internal11CmpHelperEQISt6vectorIiSaIiEES4_EENS_15AssertionResultEPKcS7_RKT_RKT0_
FNDA:0,_ZN7testing8internal8EqHelperILb0EE7CompareISt6vectorIiSaIiEES6_EENS_15AssertionResultEPKcS9_RKT_RKT0_
FNF:10
FNH:0
DA:256,0
DA:288,0
DA:297,0
DA:298,0
DA:302,0
DA:389,0
DA:397,0
DA:474,0
DA:1375,0
DA:1382,0
DA:1387,0
DA:1392,0
DA:1393,0
DA:1397,0
DA:1417,0
DA:1421,0
LF:16
LH:0
end_of_record
SF:/home/mrodriguezz/Desktop/TPI/MIR/lib/googletest-master/googletest/include/gtest/internal/gtest-internal.h
FN:466,_ZN7testing8internal15TestFactoryBaseD0Ev
FN:466,_ZN7testing8internal15TestFactoryBaseD2Ev
FN:473,_ZN7testing8internal15TestFactoryBaseC2Ev
FN:482,_ZN7testing8internal15TestFactoryImplI37redirigirTEST_canal1FueraDeRango_TestED2Ev
FN:482,_ZN7testing8internal15TestFactoryImplI32redirigirTEST_canal1EnRango_TestED2Ev
FN:482,_ZN7testing8internal15TestFactoryImplI45redirigirTEST_canal2EnRangoYFueraDeRango_TestED0Ev
FN:482,_ZN7testing8internal15TestFactoryImplI45redirigirTEST_canal2EnRangoYFueraDeRango_TestEC2Ev
FN:482,_ZN7testing8internal15TestFactoryImplI32redirigirTEST_canal1EnRango_TestED0Ev
FN:482,_ZN7testing8internal15TestFactoryImplI32redirigirTEST_canal1EnRango_TestEC2Ev
FN:482,_ZN7testing8internal15TestFactoryImplI37redirigirTEST_canal1FueraDeRango_TestED0Ev
FN:482,_ZN7testing8internal15TestFactoryImplI45redirigirTEST_canal2EnRangoYFueraDeRango_TestED2Ev
FN:482,_ZN7testing8internal15TestFactoryImplI37redirigirTEST_canal1FueraDeRango_TestEC2Ev
FN:484,_ZN7testing8internal15TestFactoryImplI45redirigirTEST_canal2EnRangoYFueraDeRango_TestE10CreateTestEv
FN:484,_ZN7testing8internal15TestFactoryImplI32redirigirTEST_canal1EnRango_TestE10CreateTestEv
FN:484,_ZN7testing8internal15TestFactoryImplI37redirigirTEST_canal1FueraDeRango_TestE10CreateTestEv
FN:504,_ZN7testing8internal12CodeLocationD2Ev
FN:505,_ZN7testing8internal12CodeLocationC2ERKNSt7__cxx1112basic_stringIcSt11char_traitsIcESaIcEEEi
FNDA:0,_ZN7testing8internal15TestFactoryBaseD0Ev
FNDA:0,_ZN7testing8internal15TestFactoryBaseD2Ev
FNDA:0,_ZN7testing8internal15TestFactoryBaseC2Ev
FNDA:12,_ZN7testing8internal15TestFactoryImplI32redirigirTEST_canal1EnRango_TestED0Ev
FNDA:12,_ZN7testing8internal15TestFactoryImplI32redirigirTEST_canal1EnRango_TestED2Ev
FNDA:12,_ZN7testing8internal15TestFactoryImplI37redirigirTEST_canal1FueraDeRango_TestED0Ev
FNDA:12,_ZN7testing8internal15TestFactoryImplI37redirigirTEST_canal1FueraDeRango_TestED2Ev
FNDA:12,_ZN7testing8internal15TestFactoryImplI45redirigirTEST_canal2EnRangoYFueraDeRango_TestED0Ev
FNDA:12,_ZN7testing8internal15TestFactoryImplI45redirigirTEST_canal2EnRangoYFueraDeRango_TestED2Ev
FNDA:12,_ZN7testing8internal15TestFactoryImplI45redirigirTEST_canal2EnRangoYFueraDeRango_TestEC2Ev
FNDA:12,_ZN7testing8internal15TestFactoryImplI37redirigirTEST_canal1FueraDeRango_TestEC2Ev
FNDA:12,_ZN7testing8internal15TestFactoryImplI32redirigirTEST_canal1EnRango_TestEC2Ev
FNDA:7,_ZN7testing8internal15TestFactoryImplI32redirigirTEST_canal1EnRango_TestE10CreateTestEv
FNDA:7,_ZN7testing8internal15TestFactoryImplI37redirigirTEST_canal1FueraDeRango_TestE10CreateTestEv
FNDA:7,_ZN7testing8internal15TestFactoryImplI45redirigirTEST_canal2EnRangoYFueraDeRango_TestE10CreateTestEv
FNDA:0,_ZN7testing8internal12CodeLocationD2Ev
FNDA:0,_ZN7testing8internal12CodeLocationC2ERKNSt7__cxx1112basic_stringIcSt11char_traitsIcESaIcEEEi
FNF:17
FNH:12
DA:466,0
DA:473,0
DA:482,108
DA:484,21
DA:504,0
DA:505,0
DA:506,0
LF:7
LH:2
end_of_record
SF:/home/mrodriguezz/Desktop/TPI/MIR/lib/googletest-master/googletest/include/gtest/internal/gtest-port.h
FN:1157,_ZN7testing8internal10scoped_ptrINSt7__cxx1112basic_stringIcSt11char_traitsIcESaIcEEEED2Ev
FN:1157,_ZN7testing8internal10scoped_ptrINSt7__cxx1118basic_stringstreamIcSt11char_traitsIcESaIcEEEED2Ev
FN:1160,_ZNK7testing8internal10scoped_ptrINSt7__cxx1112basic_stringIcSt11char_traitsIcESaIcEEEEptEv
FN:1161,_ZNK7testing8internal10scoped_ptrINSt7__cxx1112basic_stringIcSt11char_traitsIcESaIcEEEE3getEv
FN:1169,_ZN7testing8internal10scoped_ptrINSt7__cxx1118basic_stringstreamIcSt11char_traitsIcESaIcEEEE5resetEPS7_
FN:1169,_ZN7testing8internal10scoped_ptrINSt7__cxx1112basic_stringIcSt11char_traitsIcESaIcEEEE5resetEPS7_
FNDA:0,_ZN7testing8internal10scoped_ptrINSt7__cxx1112basic_stringIcSt11char_traitsIcESaIcEEEED2Ev
[...]
DA:109,0
DA:117,15
DA:127,15
DA:137,15
DA:138,15
DA:203,15
DA:206,15
DA:207,15
LF:15
LH:9
end_of_record
SF:/usr/include/c++/7/bits/stl_heap.h
FN:128,_ZSt11__push_heapIN9__gnu_cxx17__normal_iteratorIPiSt6vectorIiSaIiEEEEliNS0_5__ops14_Iter_less_valEEvT_T0_SA_T1_RT2_
FN:214,_ZSt13__adjust_heapIN9__gnu_cxx17__normal_iteratorIPiSt6vectorIiSaIiEEEEliNS0_5__ops15_Iter_less_iterEEvT_T0_SA_T1_T2_
FN:243,_ZSt10__pop_heapIN9__gnu_cxx17__normal_iteratorIPiSt6vectorIiSaIiEEEENS0_5__ops15_Iter_less_iterEEvT_S9_S9_RT0_
FN:326,_ZSt11__make_heapIN9__gnu_cxx17__normal_iteratorIPiSt6vectorIiSaIiEEEENS0_5__ops15_Iter_less_iterEEvT_S9_RT0_
FN:402,_ZSt11__sort_heapIN9__gnu_cxx17__normal_iteratorIPiSt6vectorIiSaIiEEEENS0_5__ops15_Iter_less_iterEEvT_S9_RT0_
FNDA:0,_ZSt11__push_heapIN9__gnu_cxx17__normal_iteratorIPiSt6vectorIiSaIiEEEEliNS0_5__ops14_Iter_less_valEEvT_T0_SA_T1_RT2_
FNDA:0,_ZSt13__adjust_heapIN9__gnu_cxx17__normal_iteratorIPiSt6vectorIiSaIiEEEEliNS0_5__ops15_Iter_less_iterEEvT_T0_SA_T1_T2_
FNDA:0,_ZSt10__pop_heapIN9__gnu_cxx17__normal_iteratorIPiSt6vectorIiSaIiEEEENS0_5__ops15_Iter_less_iterEEvT_S9_S9_RT0_
FNDA:0,_ZSt11__make_heapIN9__gnu_cxx17__normal_iteratorIPiSt6vectorIiSaIiEEEENS0_5__ops15_Iter_less_iterEEvT_S9_RT0_
FNDA:0,_ZSt11__sort_heapIN9__gnu_cxx17__normal_iteratorIPiSt6vectorIiSaIiEEEENS0_5__ops15_Iter_less_iterEEvT_S9_RT0_
FNF:5
FNH:0
DA:128,0
DA:132,0
DA:133,0
DA:135,0
DA:136,0
DA:137,0
DA:139,0
DA:140,0
DA:214,0
DA:217,0
DA:218,0
DA:219,0
DA:221,0
DA:222,0
DA:224,0
DA:225,0
DA:226,0
DA:228,0
DA:230,0
DA:231,0
DA:233,0
DA:236,0
DA:237,0
DA:238,0
DA:239,0
DA:243,0
DA:251,0
DA:252,0
DA:253,0
DA:254,0
DA:255,0
DA:256,0
DA:326,0
DA:334,0
DA:335,0
DA:337,0
DA:338,0
DA:339,0
DA:341,0
DA:342,0
DA:344,0
DA:345,0
DA:346,0
DA:402,0
DA:405,0
DA:407,0
DA:408,0
DA:410,0
LF:48
LH:0
end_of_record
SF:/usr/include/c++/7/bits/stl_iterator.h
FN:782,_ZN9__gnu_cxx17__normal_iteratorIPKSt6vectorIiSaIiEES1_IS3_SaIS3_EEEC2ERKS5_
FN:782,_ZN9__gnu_cxx17__normal_iteratorIPiSt6vectorIiSaIiEEEC2ERKS1_
FN:782,_ZN9__gnu_cxx17__normal_iteratorIPKiSt6vectorIiSaIiEEEC2ERKS2_
FN:795,_ZNK9__gnu_cxx17__normal_iteratorIPKSt6vectorIiSaIiEES1_IS3_SaIS3_EEEdeEv
FN:795,_ZNK9__gnu_cxx17__normal_iteratorIPiSt6vectorIiSaIiEEEdeEv
FN:803,_ZN9__gnu_cxx17__normal_iteratorIPKSt6vectorIiSaIiEES1_IS3_SaIS3_EEEppEv
FN:803,_ZN9__gnu_cxx17__normal_iteratorIPiSt6vectorIiSaIiEEEppEv
FN:815,_ZN9__gnu_cxx17__normal_iteratorIPiSt6vectorIiSaIiEEEmmEv
FN:835,_ZNK9__gnu_cxx17__normal_iteratorIPiSt6vectorIiSaIiEEEplEl
FN:843,_ZNK9__gnu_cxx17__normal_iteratorIPiSt6vectorIiSaIiEEEmiEl
FN:847,_ZNK9__gnu_cxx17__normal_iteratorIPKSt6vectorIiSaIiEES1_IS3_SaIS3_EEE4baseEv
FN:847,_ZNK9__gnu_cxx17__normal_iteratorIPiSt6vectorIiSaIiEEE4baseEv
FN:847,_ZNK9__gnu_cxx17__normal_iteratorIPKiSt6vectorIiSaIiEEE4baseEv
FN:869,_ZN9__gnu_cxxeqIPiSt6vectorIiSaIiEEEEbRKNS_17__normal_iteratorIT_T0_EESA_
FN:883,_ZN9__gnu_cxxneIPKSt6vectorIiSaIiEES1_IS3_SaIS3_EEEEbRKNS_17__normal_iteratorIT_T0_EESD_
FN:883,_ZN9__gnu_cxxneIPiSt6vectorIiSaIiEEEEbRKNS_17__normal_iteratorIT_T0_EESA_
FN:898,_ZN9__gnu_cxxltIPiSt6vectorIiSaIiEEEEbRKNS_17__normal_iteratorIT_T0_EESA_
FN:965,_ZN9__gnu_cxxmiIPiSt6vectorIiSaIiEEEENS_17__normal_iteratorIT_T0_E15difference_typeERKS8_SB_
FN:986,_ZSt12__niter_baseIPiSt6vectorIiSaIiEEET_N9__gnu_cxx17__normal_iteratorIS4_T0_EE
FN:986,_ZSt12__niter_baseIPKiSt6vectorIiSaIiEEET_N9__gnu_cxx17__normal_iteratorIS5_T0_EE
FN:1039,_ZNSt13move_iteratorIPiEC2ES0_
FN:1048,_ZNKSt13move_iteratorIPiE4baseEv
FN:1224,_ZSt32__make_move_if_noexcept_iteratorIiSt13move_iteratorIPiEET0_PT_
FN:1244,_ZSt12__miter_baseIPiEDTcl12__miter_basecldtfp_4baseEEESt13move_iteratorIT_E
FNDA:660,_ZN9__gnu_cxx17__normal_iteratorIPKSt6vectorIiSaIiEES1_IS3_SaIS3_EEEC2ERKS5_
FNDA:0,_ZN9__gnu_cxx17__normal_iteratorIPKiSt6vectorIiSaIiEEEC2ERKS2_
FNDA:0,_ZN9__gnu_cxx17__normal_iteratorIPiSt6vectorIiSaIiEEEC2ERKS1_
FNDA:570,_ZNK9__gnu_cxx17__normal_iteratorIPKSt6vectorIiSaIiEES1_IS3_SaIS3_EEEdeEv
FNDA:10218,_ZNK9__gnu_cxx17__normal_iteratorIPiSt6vectorIiSaIiEEEdeEv
FNDA:570,_ZN9__gnu_cxx17__normal_iteratorIPKSt6vectorIiSaIiEES1_IS3_SaIS3_EEEppEv
FNDA:1508,_ZN9__gnu_cxx17__normal_iteratorIPiSt6vectorIiSaIiEEEppEv
FNDA:2206,_ZN9__gnu_cxx17__normal_iteratorIPiSt6vectorIiSaIiEEEmmEv
FNDA:646,_ZNK9__gnu_cxx17__normal_iteratorIPiSt6vectorIiSaIiEEEplEl
FNDA:0,_ZNK9__gnu_cxx17__normal_iteratorIPiSt6vectorIiSaIiEEEmiEl
FNDA:1800,_ZNK9__gnu_cxx17__normal_iteratorIPKSt6vectorIiSaIiEES1_IS3_SaIS3_EEE4baseEv
FNDA:0,_ZNK9__gnu_cxx17__normal_iteratorIPKiSt6vectorIiSaIiEEE4baseEv
FNDA:0,_ZNK9__gnu_cxx17__normal_iteratorIPiSt6vectorIiSaIiEEE4baseEv
FNDA:354,_ZN9__gnu_cxxeqIPiSt6vectorIiSaIiEEEEbRKNS_17__normal_iteratorIT_T0_EESA_
FNDA:900,_ZN9__gnu_cxxneIPKSt6vectorIiSaIiEES1_IS3_SaIS3_EEEEbRKNS_17__normal_iteratorIT_T0_EESD_
FNDA:2226,_ZN9__gnu_cxxneIPiSt6vectorIiSaIiEEEEbRKNS_17__normal_iteratorIT_T0_EESA_
FNDA:0,_ZN9__gnu_cxxltIPiSt6vectorIiSaIiEEEEbRKNS_17__normal_iteratorIT_T0_EESA_
FNDA:0,_ZN9__gnu_cxxmiIPiSt6vectorIiSaIiEEEENS_17__normal_iteratorIT_T0_E15difference_typeERKS8_SB_
FNDA:891,_ZSt12__niter_baseIPiSt6vectorIiSaIiEEET_N9__gnu_cxx17__normal_iteratorIS4_T0_EE
FNDA:0,_ZSt12__niter_baseIPKiSt6vectorIiSaIiEEET_N9__gnu_cxx17__normal_iteratorIS5_T0_EE
FNDA:0,_ZNSt13move_iteratorIPiEC2ES0_
FNDA:0,_ZNKSt13move_iteratorIPiE4baseEv
FNDA:0,_ZSt32__make_move_if_noexcept_iteratorIiSt13move_iteratorIPiEET0_PT_
FNDA:0,_ZSt12__miter_baseIPiEDTcl12__miter_basecldtfp_4baseEEESt13move_iteratorIT_E
FNF:24
FNH:12
DA:782,660
DA:783,660
DA:795,10788
DA:796,10788
DA:803,2078
DA:805,2078
DA:806,2078
DA:815,2206
DA:817,2206
DA:818,2206
DA:835,646
DA:836,646
DA:843,0
DA:844,0
DA:847,1800
DA:848,1800
DA:869,354
DA:872,354
DA:883,3126
DA:886,3126
DA:898,0
DA:901,0
DA:965,0
DA:968,0
DA:986,891
DA:987,891
DA:1039,0
DA:1040,0
DA:1048,0
DA:1049,0
DA:1224,0
DA:1225,0
DA:1244,0
DA:1246,0
LF:34
LH:20
end_of_record
SF:/usr/include/c++/7/bits/stl_uninitialized.h
FN:76,_ZNSt20__uninitialized_copyILb0EE13__uninit_copyIN9__gnu_cxx17__normal_iteratorIPKSt6vectorIiSaIiEES4_IS6_SaIS6_EEEEPS6_EET0_T_SE_SD_
FN:99,_ZNSt20__uninitialized_copyILb1EE13__uninit_copyIPiS2_EET0_T_S4_S3_
FN:99,_ZNSt20__uninitialized_copyILb1EE13__uninit_copyIN9__gnu_cxx17__normal_iteratorIPKiSt6vectorIiSaIiEEEEPiEET0_T_SC_SB_
FN:99,_ZNSt20__uninitialized_copyILb1EE13__uninit_copyISt13move_iteratorIPiES3_EET0_T_S6_S5_
FN:115,_ZSt18uninitialized_copyISt13move_iteratorIPiES1_ET0_T_S4_S3_
FN:115,_ZSt18uninitialized_copyIN9__gnu_cxx17__normal_iteratorIPKSt6vectorIiSaIiEES2_IS4_SaIS4_EEEEPS4_ET0_T_SC_SB_
FN:115,_ZSt18uninitialized_copyIN9__gnu_cxx17__normal_iteratorIPKiSt6vectorIiSaIiEEEEPiET0_T_SA_S9_
FN:115,_ZSt18uninitialized_copyIPiS0_ET0_T_S2_S1_
FN:287,_ZSt22__uninitialized_copy_aIN9__gnu_cxx17__normal_iteratorIPKiSt6vectorIiSaIiEEEEPiiET0_T_SA_S9_RSaIT1_E
FN:287,_ZSt22__uninitialized_copy_aIN9__gnu_cxx17__normal_iteratorIPKSt6vectorIiSaIiEES2_IS4_SaIS4_EEEEPS4_S4_ET0_T_SC_SB_RSaIT1_E
FN:287,_ZSt22__uninitialized_copy_aIPiS0_iET0_T_S2_S1_RSaIT1_E
FN:287,_ZSt22__uninitialized_copy_aISt13move_iteratorIPiES1_iET0_T_S4_S3_RSaIT1_E
FN:305,_ZSt34__uninitialized_move_if_noexcept_aIPiS0_SaIiEET0_T_S3_S2_RT1_
FNDA:330,_ZNSt20__uninitialized_copyILb0EE13__uninit_copyIN9__gnu_cxx17__normal_iteratorIPKSt6vectorIiSaIiEES4_IS6_SaIS6_EEEEPS6_EET0_T_SE_SD_
FNDA:0,_ZNSt20__uninitialized_copyILb1EE13__uninit_copyISt13move_iteratorIPiES3_EET0_T_S6_S5_
FNDA:0,_ZNSt20__uninitialized_copyILb1EE13__uninit_copyIPiS2_EET0_T_S4_S3_
FNDA:0,_ZNSt20__uninitialized_copyILb1EE13__uninit_copyIN9__gnu_cxx17__normal_iteratorIPKiSt6vectorIiSaIiEEEEPiEET0_T_SC_SB_
FNDA:0,_ZSt18uninitialized_copyISt13move_iteratorIPiES1_ET0_T_S4_S3_
FNDA:0,_ZSt18uninitialized_copyIPiS0_ET0_T_S2_S1_
FNDA:330,_ZSt18uninitialized_copyIN9__gnu_cxx17__normal_iteratorIPKSt6vectorIiSaIiEES2_IS4_SaIS4_EEEEPS4_ET0_T_SC_SB_
FNDA:0,_ZSt18uninitialized_copyIN9__gnu_cxx17__normal_iteratorIPKiSt6vectorIiSaIiEEEEPiET0_T_SA_S9_
FNDA:0,_ZSt22__uninitialized_copy_aISt13move_iteratorIPiES1_iET0_T_S4_S3_RSaIT1_E
FNDA:0,_ZSt22__uninitialized_copy_aIPiS0_iET0_T_S2_S1_RSaIT1_E
FNDA:330,_ZSt22__uninitialized_copy_aIN9__gnu_cxx17__normal_iteratorIPKSt6vectorIiSaIiEES2_IS4_SaIS4_EEEEPS4_S4_ET0_T_SC_SB_RSaIT1_E
FNDA:0,_ZSt22__uninitialized_copy_aIN9__gnu_cxx17__normal_iteratorIPKiSt6vectorIiSaIiEEEEPiiET0_T_SA_S9_RSaIT1_E
FNDA:0,_ZSt34__uninitialized_move_if_noexcept_aIPiS0_SaIiEET0_T_S3_S2_RT1_
FNF:13
FNH:3
DA:76,330
DA:79,330
DA:82,1470
DA:83,570
DA:84,330
DA:86,0
DA:88,0
DA:89,0
DA:99,0
DA:101,0
DA:115,330
DA:128,330
DA:134,330
DA:287,330
DA:289,330
DA:305,0
DA:311,0
DA:312,0
LF:18
LH:10
end_of_record
SF:/usr/include/c++/7/bits/stl_vector.h
FN:81,_ZNSt12_Vector_baseIiSaIiEE12_Vector_implD2Ev
FN:81,_ZNSt12_Vector_baseISt6vectorIiSaIiEESaIS2_EE12_Vector_implD2Ev
FN:88,_ZNSt12_Vector_baseIiSaIiEE12_Vector_implC2Ev
FN:92,_ZNSt12_Vector_baseISt6vectorIiSaIiEESaIS2_EE12_Vector_implC2ERKS3_
FN:92,_ZNSt12_Vector_baseIiSaIiEE12_Vector_implC2ERKS0_
FN:97,_ZNSt12_Vector_baseIiSaIiEE12_Vector_implC2EOS0_
FN:103,_ZNSt12_Vector_baseIiSaIiEE12_Vector_impl12_M_swap_dataERS2_
FN:115,_ZNSt12_Vector_baseIiSaIiEE19_M_get_Tp_allocatorEv
FN:115,_ZNSt12_Vector_baseISt6vectorIiSaIiEESaIS2_EE19_M_get_Tp_allocatorEv
FN:119,_ZNKSt12_Vector_baseISt6vectorIiSaIiEESaIS2_EE19_M_get_Tp_allocatorEv
FN:119,_ZNKSt12_Vector_baseIiSaIiEE19_M_get_Tp_allocatorEv
FN:126,_ZNSt12_Vector_baseIiSaIiEEC2Ev
FN:136,_ZNSt12_Vector_baseISt6vectorIiSaIiEESaIS2_EEC2EmRKS3_
FN:136,_ZNSt12_Vector_baseIiSaIiEEC2EmRKS0_
FN:144,_ZNSt12_Vector_baseIiSaIiEEC2EOS1_
FN:161,_ZNSt12_Vector_baseISt6vectorIiSaIiEESaIS2_EED2Ev
FN:161,_ZNSt12_Vector_baseIiSaIiEED2Ev
FN:169,_ZNSt12_Vector_baseIiSaIiEE11_M_allocateEm
FN:169,_ZNSt12_Vector_baseISt6vectorIiSaIiEESaIS2_EE11_M_allocateEm
FN:176,_ZNSt12_Vector_baseISt6vectorIiSaIiEESaIS2_EE13_M_deallocateEPS2_m
FN:176,_ZNSt12_Vector_baseIiSaIiEE13_M_deallocateEPim
FN:185,_ZNSt12_Vector_baseIiSaIiEE17_M_create_storageEm
FN:185,_ZNSt12_Vector_baseISt6vectorIiSaIiEESaIS2_EE17_M_create_storageEm
FN:259,_ZNSt6vectorIiSaIiEEC2Ev
FN:326,_ZNSt6vectorIiSaIiEEC2ERKS1_
FN:326,_ZNSt6vectorIS_IiSaIiEESaIS1_EEC2ERKS3_
FN:344,_ZNSt6vectorIiSaIiEEC2EOS1_
FN:433,_ZNSt6vectorIS_IiSaIiEESaIS1_EED2Ev
FN:433,_ZNSt6vectorIiSaIiEED2Ev
FN:563,_ZNSt6vectorIiSaIiEE5beginEv
FN:572,_ZNKSt6vectorIiSaIiEE5beginEv
FN:572,_ZNKSt6vectorIS_IiSaIiEESaIS1_EE5beginEv
FN:581,_ZNSt6vectorIiSaIiEE3endEv
FN:590,_ZNKSt6vectorIS_IiSaIiEESaIS1_EE3endEv
FN:590,_ZNKSt6vectorIiSaIiEE3endEv
FN:670,_ZNKSt6vectorIiSaIiEE4sizeEv
FN:670,_ZNKSt6vectorIS_IiSaIiEESaIS1_EE4sizeEv
FN:675,_ZNKSt6vectorIiSaIiEE8max_sizeEv
FN:750,_ZNKSt6vectorIiSaIiEE8capacityEv
FN:795,_ZNSt6vectorIS_IiSaIiEESaIS1_EEixEm
FN:795,_ZNSt6vectorIiSaIiEEixEm
FN:939,_ZNSt6vectorIiSaIiEE9push_backERKi
FN:1247,_ZNSt6vectorIiSaIiEE5clearEv
FN:1257,_ZNSt6vectorIiSaIiEE20_M_allocate_and_copyIN9__gnu_cxx17__normal_iteratorIPKiS1_EEEEPimT_S9_
FN:1502,_ZNKSt6vectorIiSaIiEE12_M_check_lenEmPKc
FN:1516,_ZNSt6vectorIiSaIiEE15_M_erase_at_endEPi
FNDA:510,_ZNSt12_Vector_baseISt6vectorIiSaIiEESaIS2_EE12_Vector_implD2Ev
FNDA:0,_ZNSt12_Vector_baseIiSaIiEE12_Vector_implD2Ev
FNDA:0,_ZNSt12_Vector_baseIiSaIiEE12_Vector_implC2Ev
FNDA:410,_ZNSt12_Vector_baseISt6vectorIiSaIiEESaIS2_EE12_Vector_implC2ERKS3_
FNDA:0,_ZNSt12_Vector_baseIiSaIiEE12_Vector_implC2ERKS0_
FNDA:0,_ZNSt12_Vector_baseIiSaIiEE12_Vector_implC2EOS0_
FNDA:0,_ZNSt12_Vector_baseIiSaIiEE12_Vector_impl12_M_swap_dataERS2_
FNDA:0,_ZNSt12_Vector_baseISt6vectorIiSaIiEESaIS2_EE19_M_get_Tp_allocatorEv
FNDA:0,_ZNSt12_Vector_baseIiSaIiEE19_M_get_Tp_allocatorEv
FNDA:0,_ZNKSt12_Vector_baseISt6vectorIiSaIiEESaIS2_EE19_M_get_Tp_allocatorEv
FNDA:0,_ZNKSt12_Vector_baseIiSaIiEE19_M_get_Tp_allocatorEv
FNDA:0,_ZNSt12_Vector_baseIiSaIiEEC2Ev
FNDA:330,_ZNSt12_Vector_baseISt6vectorIiSaIiEESaIS2_EEC2EmRKS3_
FNDA:0,_ZNSt12_Vector_baseIiSaIiEEC2EmRKS0_
FNDA:0,_ZNSt12_Vector_baseIiSaIiEEC2EOS1_
FNDA:510,_ZNSt12_Vector_baseISt6vectorIiSaIiEESaIS2_EED2Ev
FNDA:0,_ZNSt12_Vector_baseIiSaIiEED2Ev
FNDA:0,_ZNSt12_Vector_baseISt6vectorIiSaIiEESaIS2_EE11_M_allocateEm
FNDA:0,_ZNSt12_Vector_baseIiSaIiEE11_M_allocateEm
FNDA:0,_ZNSt12_Vector_baseISt6vectorIiSaIiEESaIS2_EE13_M_deallocateEPS2_m
FNDA:0,_ZNSt12_Vector_baseIiSaIiEE13_M_deallocateEPim
FNDA:330,_ZNSt12_Vector_baseISt6vectorIiSaIiEESaIS2_EE17_M_create_storageEm
FNDA:0,_ZNSt12_Vector_baseIiSaIiEE17_M_create_storageEm
FNDA:0,_ZNSt6vectorIiSaIiEEC2Ev
FNDA:330,_ZNSt6vectorIS_IiSaIiEESaIS1_EEC2ERKS3_
FNDA:0,_ZNSt6vectorIiSaIiEEC2ERKS1_
FNDA:0,_ZNSt6vectorIiSaIiEEC2EOS1_
FNDA:510,_ZNSt6vectorIS_IiSaIiEESaIS1_EED2Ev
FNDA:0,_ZNSt6vectorIiSaIiEED2Ev
FNDA:0,_ZNSt6vectorIiSaIiEE5beginEv
FNDA:330,_ZNKSt6vectorIS_IiSaIiEESaIS1_EE5beginEv
FNDA:0,_ZNKSt6vectorIiSaIiEE5beginEv
FNDA:0,_ZNSt6vectorIiSaIiEE3endEv
FNDA:330,_ZNKSt6vectorIS_IiSaIiEESaIS1_EE3endEv
FNDA:0,_ZNKSt6vectorIiSaIiEE3endEv
FNDA:0,_ZNKSt6vectorIS_IiSaIiEESaIS1_EE4sizeEv
FNDA:0,_ZNKSt6vectorIiSaIiEE4sizeEv
FNDA:0,_ZNKSt6vectorIiSaIiEE8max_sizeEv
FNDA:25,_ZNKSt6vectorIiSaIiEE8capacityEv
FNDA:0,_ZNSt6vectorIS_IiSaIiEESaIS1_EEixEm
FNDA:0,_ZNSt6vectorIiSaIiEEixEm
FNDA:0,_ZNSt6vectorIiSaIiEE9push_backERKi
FNDA:0,_ZNSt6vectorIiSaIiEE5clearEv
FNDA:10,_ZNSt6vectorIiSaIiEE20_M_allocate_and_copyIN9__gnu_cxx17__normal_iteratorIPKiS1_EEEEPimT_S9_
FNDA:0,_ZNKSt6vectorIiSaIiEE12_M_check_lenEmPKc
FNDA:0,_ZNSt6vectorIiSaIiEE15_M_erase_at_endEPi
FNF:46
FNH:11
DA:81,510
DA:88,0
DA:89,0
DA:90,0
DA:92,410
DA:93,410
DA:94,410
DA:97,0
DA:98,0
DA:99,0
DA:100,0
DA:103,0
DA:105,0
DA:106,0
DA:107,0
DA:108,0
DA:115,0
DA:116,0
DA:119,0
DA:120,0
DA:126,0
DA:127,0
DA:136,330
DA:137,330
DA:138,330
DA:144,0
DA:145,0
DA:146,0
DA:161,510
DA:162,1020
DA:163,1020
DA:169,0
DA:172,0
DA:176,0
DA:179,0
DA:180,0
DA:181,0
DA:185,330
DA:187,330
DA:188,330
DA:189,330
DA:190,330
DA:259,0
DA:263,0
DA:326,330
DA:328,330
DA:330,330
DA:331,330
DA:333,330
DA:334,330
DA:344,0
DA:345,0
DA:433,510
DA:434,510
DA:435,1020
DA:563,0
DA:564,0
DA:572,330
DA:573,330
DA:581,0
DA:582,0
DA:590,330
DA:591,330
DA:670,0
DA:671,0
DA:675,0
DA:676,0
DA:750,25
DA:751,25
DA:752,25
DA:795,0
DA:798,0
DA:939,0
DA:941,0
DA:943,0
DA:945,0
DA:948,0
DA:949,0
DA:1247,0
DA:1248,0
DA:1257,10
DA:1260,10
DA:1263,10
DA:1264,10
DA:1265,10
DA:1267,0
DA:1269,0
DA:1270,0
DA:1502,0
DA:1504,0
DA:1505,0
DA:1507,0
DA:1508,0
DA:1516,0
DA:1518,0
DA:1519,0
DA:1520,0
LF:97
LH:36
end_of_record
SF:/usr/include/c++/7/bits/vector.tcc
FN:179,_ZNSt6vectorIiSaIiEEaSERKS1_
FN:394,_ZNSt6vectorIiSaIiEE17_M_realloc_insertIJRKiEEEvN9__gnu_cxx17__normal_iteratorIPiS1_EEDpOT_
FNDA:25,_ZNSt6vectorIiSaIiEEaSERKS1_
FNDA:0,_ZNSt6vectorIiSaIiEE17_M_realloc_insertIJRKiEEEvN9__gnu_cxx17__normal_iteratorIPiS1_EEDpOT_
FNF:2
FNH:1
DA:179,25
DA:182,25
DA:185,25
DA:187,0
DA:188,0
DA:191,0
DA:192,0
DA:193,0
DA:194,0
DA:195,0
DA:196,0
DA:197,0
DA:199,0
DA:203,25
DA:204,25
DA:206,10
DA:208,10
DA:209,10
DA:210,20
DA:211,10
DA:212,10
DA:213,10
DA:214,10
DA:216,15
DA:218,15
DA:219,15
DA:223,0
DA:225,0
DA:226,0
DA:228,0
DA:230,25
DA:232,25
DA:394,0
DA:403,0
DA:405,0
DA:406,0
DA:407,0
DA:415,0
DA:416,0
DA:422,0
DA:424,0
DA:426,0
DA:427,0
DA:429,0
DA:431,0
DA:433,0
DA:434,0
DA:436,0
DA:438,0
DA:439,0
DA:440,0
DA:442,0
DA:443,0
DA:444,0
DA:446,0
DA:447,0
DA:448,0
DA:449,0
DA:450,0
DA:451,0
DA:452,0
DA:453,0
DA:454,0
LF:63
LH:18
end_of_record
SF:/usr/include/c++/7/cmath
FN:415,_ZSt3powIiiEN9__gnu_cxx11__promote_2IT_T0_NS0_9__promoteIS2_XsrSt12__is_integerIS2_E7__valueEE6__typeENS4_IS3_XsrS5_IS3_E7__valueEE6__typeEE6__typeES2_S3_
FNDA:0,_ZSt3powIiiEN9__gnu_cxx11__promote_2IT_T0_NS0_9__promoteIS2_XsrSt12__is_integerIS2_E7__valueEE6__typeENS4_IS3_XsrS5_IS3_E7__valueEE6__typeEE6__typeES2_S3_
FNF:1
FNH:0
DA:415,0
DA:418,0
LF:2
LH:0
end_of_record
SF:/usr/include/c++/7/ext/alloc_traits.h
FN:94,_ZN9__gnu_cxx14__alloc_traitsISaISt6vectorIiSaIiEEEE17_S_select_on_copyERKS4_
FN:94,_ZN9__gnu_cxx14__alloc_traitsISaIiEE17_S_select_on_copyERKS1_
FN:100,_ZN9__gnu_cxx14__alloc_traitsISaIiEE27_S_propagate_on_copy_assignEv
FN:109,_ZN9__gnu_cxx14__alloc_traitsISaIiEE15_S_always_equalEv
FNDA:330,_ZN9__gnu_cxx14__alloc_traitsISaISt6vectorIiSaIiEEEE17_S_select_on_copyERKS4_
FNDA:0,_ZN9__gnu_cxx14__alloc_traitsISaIiEE17_S_select_on_copyERKS1_
FNDA:25,_ZN9__gnu_cxx14__alloc_traitsISaIiEE27_S_propagate_on_copy_assignEv
FNDA:0,_ZN9__gnu_cxx14__alloc_traitsISaIiEE15_S_always_equalEv
FNF:4
FNH:2
DA:94,330
DA:95,330
DA:100,25
DA:101,25
DA:109,0
DA:110,0
LF:6
LH:4
end_of_record
SF:/usr/include/c++/7/ext/new_allocator.h
FN:79,_ZN9__gnu_cxx13new_allocatorIiEC2Ev
FN:81,_ZN9__gnu_cxx13new_allocatorISt6vectorIiSaIiEEEC2ERKS4_
FN:81,_ZN9__gnu_cxx13new_allocatorIiEC2ERKS1_
FN:86,_ZN9__gnu_cxx13new_allocatorISt6vectorIiSaIiEEED2Ev
FN:86,_ZN9__gnu_cxx13new_allocatorIiED2Ev
FN:99,_ZN9__gnu_cxx13new_allocatorIiE8allocateEmPKv
FN:99,_ZN9__gnu_cxx13new_allocatorISt6vectorIiSaIiEEE8allocateEmPKv
FN:116,_ZN9__gnu_cxx13new_allocatorISt6vectorIiSaIiEEE10deallocateEPS3_m
FN:116,_ZN9__gnu_cxx13new_allocatorIiE10deallocateEPim
FN:129,_ZNK9__gnu_cxx13new_allocatorISt6vectorIiSaIiEEE8max_sizeEv
FN:129,_ZNK9__gnu_cxx13new_allocatorIiE8max_sizeEv
FN:135,_ZN9__gnu_cxx13new_allocatorIiE9constructIiJRKiEEEvPT_DpOT0_
FN:140,_ZN9__gnu_cxx13new_allocatorIiE7destroyIiEEvPT_
FNDA:0,_ZN9__gnu_cxx13new_allocatorIiEC2Ev
FNDA:740,_ZN9__gnu_cxx13new_allocatorISt6vectorIiSaIiEEEC2ERKS4_
FNDA:0,_ZN9__gnu_cxx13new_allocatorIiEC2ERKS1_
FNDA:920,_ZN9__gnu_cxx13new_allocatorISt6vectorIiSaIiEEED2Ev
FNDA:0,_ZN9__gnu_cxx13new_allocatorIiED2Ev
FNDA:0,_ZN9__gnu_cxx13new_allocatorISt6vectorIiSaIiEEE8allocateEmPKv
FNDA:0,_ZN9__gnu_cxx13new_allocatorIiE8allocateEmPKv
FNDA:0,_ZN9__gnu_cxx13new_allocatorISt6vectorIiSaIiEEE10deallocateEPS3_m
FNDA:0,_ZN9__gnu_cxx13new_allocatorIiE10deallocateEPim
FNDA:0,_ZNK9__gnu_cxx13new_allocatorISt6vectorIiSaIiEEE8max_sizeEv
FNDA:0,_ZNK9__gnu_cxx13new_allocatorIiE8max_sizeEv
FNDA:0,_ZN9__gnu_cxx13new_allocatorIiE9constructIiJRKiEEEvPT_DpOT0_
FNDA:0,_ZN9__gnu_cxx13new_allocatorIiE7destroyIiEEvPT_
FNF:13
FNH:2
DA:79,0
DA:81,740
DA:86,920
DA:99,0
DA:101,0
DA:102,0
DA:111,0
DA:116,0
DA:125,0
DA:126,0
DA:129,0
DA:130,0
DA:135,0
DA:136,0
DA:140,0
LF:15
LH:2
end_of_record
SF:/usr/include/c++/7/iostream
DA:74,8
LF:1
LH:1
end_of_record
SF:/usr/include/c++/7/new
FN:168,_ZnwmPv
FN:174,_ZdlPvS_
FNDA:0,_ZnwmPv
FNDA:0,_ZdlPvS_
FNF:2
FNH:0
DA:168,0
DA:169,0
DA:174,0
LF:3
LH:0
end_of_record
SF:/usr/include/c++/7/tuple
FN:160,_ZNSt10_Head_baseILm1EiLb0EE7_M_headERS0_
FN:160,_ZNSt10_Head_baseILm0EbLb0EE7_M_headERS0_
FN:195,_ZNSt11_Tuple_implILm0EJbiEE7_M_headERS0_
FN:351,_ZNSt11_Tuple_implILm1EJiEE7_M_headERS0_
FN:1303,_ZSt12__get_helperILm0EbJiEERT0_RSt11_Tuple_implIXT_EJS0_DpT1_EE
FN:1303,_ZSt12__get_helperILm1EiJEERT0_RSt11_Tuple_implIXT_EJS0_DpT1_EE
FN:1314,_ZSt3getILm0EJbiEERNSt13tuple_elementIXT_ESt5tupleIJDpT0_EEE4typeERS4_
FN:1314,_ZSt3getILm1EJbiEERNSt13tuple_elementIXT_ESt5tupleIJDpT0_EEE4typeERS4_
FNDA:0,_ZNSt10_Head_baseILm0EbLb0EE7_M_headERS0_
FNDA:0,_ZNSt10_Head_baseILm1EiLb0EE7_M_headERS0_
FNDA:0,_ZNSt11_Tuple_implILm0EJbiEE7_M_headERS0_
FNDA:0,_ZNSt11_Tuple_implILm1EJiEE7_M_headERS0_
FNDA:0,_ZSt12__get_helperILm1EiJEERT0_RSt11_Tuple_implIXT_EJS0_DpT1_EE
FNDA:0,_ZSt12__get_helperILm0EbJiEERT0_RSt11_Tuple_implIXT_EJS0_DpT1_EE
FNDA:0,_ZSt3getILm1EJbiEERNSt13tuple_elementIXT_ESt5tupleIJDpT0_EEE4typeERS4_
FNDA:0,_ZSt3getILm0EJbiEERNSt13tuple_elementIXT_ESt5tupleIJDpT0_EEE4typeERS4_
FNF:8
FNH:0
DA:160,0
DA:195,0
DA:351,0
DA:1303,0
DA:1304,0
DA:1314,0
DA:1315,0
LF:7
LH:0
end_of_record
TN:
SF:/home/mrodriguezz/Desktop/TPI/MIR/lib/googletest-master/googletest/include/gtest/gtest.h
FN:2236,_Z13RUN_ALL_TESTSv
FNDA:1,_Z13RUN_ALL_TESTSv
FNF:1
FNH:1
DA:2236,1
DA:2237,1
LF:2
LH:2
end_of_record
SF:/home/mrodriguezz/Desktop/TPI/MIR/main.cpp
FN:5,main
FN:10,_Z41__static_initialization_and_destruction_0ii
FN:10,_GLOBAL__sub_I_main
FNDA:1,main
FNDA:1,_GLOBAL__sub_I_main
FNDA:1,_Z41__static_initialization_and_destruction_0ii
FNF:3
FNH:3
DA:5,1
DA:6,1
DA:8,1
DA:9,1
DA:10,3
LF:5
LH:5
end_of_record
SF:/usr/include/c++/7/iostream
DA:74,1
LF:1
LH:1
end_of_record
